#
# A fatal error has been detected by the Java Runtime Environment:
#
#  SIGSEGV (0xb) at pc=0x00007fffbd72605d, pid=9189, tid=0x0000000000000307
#
# JRE version: Java(TM) SE Runtime Environment (8.0_101-b13) (build 1.8.0_101-b13)
# Java VM: Java HotSpot(TM) 64-Bit Server VM (25.101-b13 mixed mode bsd-amd64 compressed oops)
# Problematic frame:
# C  [libobjc.A.dylib+0x705d]  objc_msgSend+0x1d
#
# Failed to write core dump. Core dumps have been disabled. To enable core dumping, try "ulimit -c unlimited" before starting Java again
#
# If you would like to submit a bug report, please visit:
#   http://bugreport.java.com/bugreport/crash.jsp
# The crash happened outside the Java Virtual Machine in native code.
# See problematic frame for where to report the bug.
#

---------------  T H R E A D  ---------------

Current thread (0x00007fbbf918f000):  JavaThread "AppKit Thread" daemon [_thread_in_native, id=775, stack(0x00007fff562a3000,0x00007fff56aa3000)]

siginfo: si_signo: 11 (SIGSEGV), si_code: 1 (SEGV_MAPERR), si_addr: 0x0000263c00010020

Registers:
RAX=0x00007fbbf8fb35e0, RBX=0x00007fbbf8faf010, RCX=0x00007fbbf8e5cf00, RDX=0x00007fbbf8fb35e0
RSP=0x00007fff56a9e038, RBP=0x00007fff56a9e040, RSI=0x00007fffa701a843, RDI=0x00007fbbf8e5cf00
R8 =0x000000000000003f, R9 =0x00007fbbf8fb3730, R10=0x0000263c00010008, R11=0x00007fffa701a843
R12=0x0000000000000000, R13=0x00007fbbf8fb3730, R14=0x00007fbbf8fb35e0, R15=0x0000000000000000
RIP=0x00007fffbd72605d, EFLAGS=0x0000000000010202, ERR=0x0000000000000004
  TRAPNO=0x000000000000000e

Top of Stack: (sp=0x00007fff56a9e038)
0x00007fff56a9e038:   00007fffa88b045c 00007fff56a9e0b0
0x00007fff56a9e048:   00007fffa88b035b 0000000000000000
0x00007fff56a9e058:   00007fffc6f0d060 00000000c2000000
0x00007fff56a9e068:   00007fffa88b03b0 00007fffc378b680
0x00007fff56a9e078:   00007fbbf8fb3730 00007fbbf8fb35e0
0x00007fff56a9e088:   00007fff56a9e878 00007fffbd726040
0x00007fff56a9e098:   00007fff56a9e180 00007fbbf8fb3730
0x00007fff56a9e0a8:   00007fffa6fb205a 00007fff56a9e0f0
0x00007fff56a9e0b8:   00007fffa88b00c2 00007fff56a9e6c0
0x00007fff56a9e0c8:   0000000000000001 00007fffbd726040
0x00007fff56a9e0d8:   00007fff56a9e180 00007fff56a9e878
0x00007fff56a9e0e8:   00007fffa6fb205a 00007fff56a9e810
0x00007fff56a9e0f8:   00007fffa886d523 00007fbbf8f00000
0x00007fff56a9e108:   0000000000000000 000000010917ca00
0x00007fff56a9e118:   0000000000000004 00007fbbf8c1cc10
0x00007fff56a9e128:   00007fffc378ccb0 0000000000000000
0x00007fff56a9e138:   00007fbbfa0f30d0 00007fbbf8c1cc01
0x00007fff56a9e148:   00007fbbf8d5a980 00007fffc38bf0e0
0x00007fff56a9e158:   0000000000000000 0000000000000000
0x00007fff56a9e168:   0000000000000000 00007fbbf8d5b590
0x00007fff56a9e178:   00007fffc37cb900 00007fff56a9e6c0
0x00007fff56a9e188:   0000000000000002 0000000000000100
0x00007fff56a9e198:   00007fffc6e7a400 00007fff56a9e5c0
0x00007fff56a9e1a8:   0000000000000000 0000000000000100
0x00007fff56a9e1b8:   00007fbbf8f1cf00 00007fff56a9e1f0
0x00007fff56a9e1c8:   00007fffa88b0d0c ffff8044070e3050
0x00007fff56a9e1d8:   00007fbbf8f1cfb0 00007fffc38bc640
0x00007fff56a9e1e8:   00007fbbf8f1cfb0 00007fff56a9e220
0x00007fff56a9e1f8:   00007fffa88b0d58 ffff8044070e3050
0x00007fff56a9e208:   00007fbbf8f1cfb0 00007fffc38bc8c0
0x00007fff56a9e218:   00007fbbf8f1cfb0 00007fff56a9e250
0x00007fff56a9e228:   00007fffa88b0e3b 0000000000000c40 

Instructions: (pc=0x00007fffbd72605d)
0x00007fffbd72603d:   0f 1f 00 48 85 ff 2e 74 62 40 f6 c7 01 2e 75 66
0x00007fffbd72604d:   49 ba f8 ff ff ff ff 7f 00 00 4c 23 17 49 89 f3
0x00007fffbd72605d:   45 23 5a 18 49 c1 e3 04 4d 03 5a 10 49 3b 33 75
0x00007fffbd72606d:   04 41 ff 63 08 49 83 3b 01 76 0d 49 83 c3 10 49 

Register to memory mapping:

RAX=0x00007fbbf8fb35e0 is an unknown value
RBX=0x00007fbbf8faf010 is an unknown value
RCX=0x00007fbbf8e5cf00 is an unknown value
RDX=0x00007fbbf8fb35e0 is an unknown value
RSP=0x00007fff56a9e038 is pointing into the stack for thread: 0x00007fbbf918f000
RBP=0x00007fff56a9e040 is pointing into the stack for thread: 0x00007fbbf918f000
RSI=0x00007fffa701a843: __NSStyleNameIndexTable+0xe048b in /System/Library/Frameworks/AppKit.framework/Versions/C/AppKit at 0x00007fffa634d000
RDI=0x00007fbbf8e5cf00 is an unknown value
R8 =0x000000000000003f is an unknown value
R9 =0x00007fbbf8fb3730 is an unknown value
R10=0x0000263c00010008 is an unknown value
R11=0x00007fffa701a843: __NSStyleNameIndexTable+0xe048b in /System/Library/Frameworks/AppKit.framework/Versions/C/AppKit at 0x00007fffa634d000
R12=0x0000000000000000 is an unknown value
R13=0x00007fbbf8fb3730 is an unknown value
R14=0x00007fbbf8fb35e0 is an unknown value
R15=0x0000000000000000 is an unknown value


Stack: [0x00007fff562a3000,0x00007fff56aa3000],  sp=0x00007fff56a9e038,  free space=8172k
Native frames: (J=compiled Java code, j=interpreted, Vv=VM code, C=native code)
C  [libobjc.A.dylib+0x705d]  objc_msgSend+0x1d
C  [CoreFoundation+0x9d35b]  _CFXRegistrationPost+0x1ab
C  [CoreFoundation+0x9d0c2]  ___CFXNotificationPost_block_invoke+0x32
C  [CoreFoundation+0x5a523]  -[_CFXNotificationRegistrar find:object:observer:enumerator:]+0x723
C  [CoreFoundation+0x5955c]  _CFXNotificationPost+0x25c
C  [Foundation+0x6677]  -[NSNotificationCenter postNotificationName:object:userInfo:]+0x42
C  [AppKit+0x24ee3b]  -[NSSurface _disposeSurface]+0x98
C  [AppKit+0x24e9ea]  -[NSSurface setWindow:]+0x35
C  [AppKit+0x28960]  -[NSView _setWindow:]+0xa0f
C  [AppKit+0x2b587]  -[NSView removeFromSuperview]+0x1d1
C  [AppKit+0x14cd60]  -[NSView removeFromSuperviewWithoutNeedingDisplay]+0x26
C  [liblwjgl.dylib+0xa205]  +[MacOSXKeyableWindow destroyWindow]+0xb5
C  [Foundation+0x7152a]  __NSThreadPerformPerform+0x146
C  [CoreFoundation+0xa7321]  __CFRUNLOOP_IS_CALLING_OUT_TO_A_SOURCE0_PERFORM_FUNCTION__+0x11
C  [CoreFoundation+0x8821d]  __CFRunLoopDoSources0+0x22d
C  [CoreFoundation+0x87716]  __CFRunLoopRun+0x3a6
C  [CoreFoundation+0x87114]  CFRunLoopRunSpecific+0x1a4
C  [HIToolbox+0x30ebc]  RunCurrentEventLoopInMode+0xf0
C  [HIToolbox+0x30cf1]  ReceiveNextEventCommon+0x1b0
C  [HIToolbox+0x30b26]  _BlockUntilNextEventMatchingListInModeWithFilter+0x47
C  [AppKit+0x46a54]  _DPSNextEvent+0x460
C  [AppKit+0x7c27ee]  -[NSApplication(NSEvent) _nextEventMatchingEventMask:untilDate:inMode:dequeue:]+0xaec
C  [libosxapp.dylib+0x23aa]  -[NSApplicationAWT nextEventMatchingMask:untilDate:inMode:dequeue:]+0x7c
C  [AppKit+0x3b3db]  -[NSApplication run]+0x39e
C  [libosxapp.dylib+0x214d]  +[NSApplicationAWT runAWTLoopWithApp:]+0x9c
C  [libawt_lwawt.dylib+0x444b3]  -[AWTStarter starter:]+0x389
C  [Foundation+0x7152a]  __NSThreadPerformPerform+0x146
C  [CoreFoundation+0xa7321]  __CFRUNLOOP_IS_CALLING_OUT_TO_A_SOURCE0_PERFORM_FUNCTION__+0x11
C  [CoreFoundation+0x8821d]  __CFRunLoopDoSources0+0x22d
C  [CoreFoundation+0x87716]  __CFRunLoopRun+0x3a6
C  [CoreFoundation+0x87114]  CFRunLoopRunSpecific+0x1a4
C  [java+0x6465]  CreateExecutionEnvironment+0x367
C  [java+0x218c]  JLI_Launch+0x7a0
C  [java+0x84c2]  main+0x65
C  [java+0x19e4]  start+0x34
C  0x0000000000000006


---------------  P R O C E S S  ---------------

Java Threads: ( => current thread )
  0x00007fbbf999a800 JavaThread "AWT-Shutdown" [_thread_blocked, id=6415, stack(0x0000700003146000,0x0000700003246000)]
=>0x00007fbbf918f000 JavaThread "AppKit Thread" daemon [_thread_in_native, id=775, stack(0x00007fff562a3000,0x00007fff56aa3000)]
  0x00007fbbfa826000 JavaThread "Service Thread" daemon [_thread_blocked, id=18691, stack(0x0000700003d6d000,0x0000700003e6d000)]
  0x00007fbbfa02d000 JavaThread "C1 CompilerThread2" daemon [_thread_blocked, id=18179, stack(0x0000700003c6a000,0x0000700003d6a000)]
  0x00007fbbfa02c000 JavaThread "C2 CompilerThread1" daemon [_thread_blocked, id=17667, stack(0x0000700003b67000,0x0000700003c67000)]
  0x00007fbbf9850800 JavaThread "C2 CompilerThread0" daemon [_thread_blocked, id=17155, stack(0x0000700003a64000,0x0000700003b64000)]
  0x00007fbbf983a800 JavaThread "Signal Dispatcher" daemon [_thread_blocked, id=16643, stack(0x0000700003961000,0x0000700003a61000)]
  0x00007fbbf982c000 JavaThread "Finalizer" daemon [_thread_blocked, id=12291, stack(0x000070000385e000,0x000070000395e000)]
  0x00007fbbf982b000 JavaThread "Reference Handler" daemon [_thread_blocked, id=11779, stack(0x000070000375b000,0x000070000385b000)]
  0x00007fbbf900e000 JavaThread "main" [_thread_in_native, id=3587, stack(0x0000700002fc0000,0x00007000030c0000)]

Other Threads:
  0x00007fbbf9828800 VMThread [stack: 0x0000700003658000,0x0000700003758000] [id=11267]
  0x00007fbbfa827000 WatcherThread [stack: 0x0000700003e70000,0x0000700003f70000] [id=19203]

VM state:not at safepoint (normal execution)

VM Mutex/Monitor currently owned by a thread: None

Heap:
 PSYoungGen      total 38400K, used 23637K [0x0000000795580000, 0x0000000798000000, 0x00000007c0000000)
  eden space 33280K, 71% used [0x0000000795580000,0x0000000796c95600,0x0000000797600000)
  from space 5120K, 0% used [0x0000000797b00000,0x0000000797b00000,0x0000000798000000)
  to   space 5120K, 0% used [0x0000000797600000,0x0000000797600000,0x0000000797b00000)
 ParOldGen       total 87552K, used 0K [0x0000000740000000, 0x0000000745580000, 0x0000000795580000)
  object space 87552K, 0% used [0x0000000740000000,0x0000000740000000,0x0000000745580000)
 Metaspace       used 7224K, capacity 7343K, committed 7552K, reserved 1056768K
  class space    used 726K, capacity 794K, committed 896K, reserved 1048576K

Card table byte_map: [0x000000010adc0000,0x000000010b1c1000] byte_map_base: 0x00000001073c0000

Marking Bits: (ParMarkBitMap*) 0x0000000109adbd20
 Begin Bits: [0x000000010b46c000, 0x000000010d46c000)
 End Bits:   [0x000000010d46c000, 0x000000010f46c000)

Polling page: 0x000000010a1ce000

CodeCache: size=245760Kb used=3388Kb max_used=3401Kb free=242371Kb
 bounds [0x0000000117294000, 0x00000001175f4000, 0x0000000126294000]
 total_blobs=1202 nmethods=809 adapters=307
 compilation: enabled

Compilation events (10 events):
Event: 34.316 Thread 0x00007fbbfa02d000  805       3       java.nio.HeapByteBuffer::getLong (19 bytes)
Event: 34.317 Thread 0x00007fbbfa02d000 nmethod 805 0x00000001175e3d50 code [0x00000001175e3f00, 0x00000001175e42a8]
Event: 34.317 Thread 0x00007fbbfa02d000  806       3       java.nio.Bits::getLong (18 bytes)
Event: 34.317 Thread 0x00007fbbfa02d000 nmethod 806 0x00000001175e3910 code [0x00000001175e3a80, 0x00000001175e3c78]
Event: 34.673 Thread 0x00007fbbfa02d000  807       3       org.newdawn.slick.Input::anyMouseDown (24 bytes)
Event: 34.674 Thread 0x00007fbbfa02d000 nmethod 807 0x00000001175e3450 code [0x00000001175e35c0, 0x00000001175e3848]
Event: 35.197 Thread 0x00007fbbfa02c000  808   !   4       org.lwjgl.opengl.Display::update (154 bytes)
Event: 35.203 Thread 0x00007fbbfa02c000 nmethod 808 0x00000001175dec10 code [0x00000001175dee00, 0x00000001175df680]
Event: 36.260 Thread 0x00007fbbf9850800  809       4       java.nio.DirectByteBuffer::put (18 bytes)
Event: 36.261 Thread 0x00007fbbf9850800 nmethod 809 0x00000001175dbad0 code [0x00000001175dbc20, 0x00000001175dbcd8]

GC Heap History (0 events):
No events

Deoptimization events (5 events):
Event: 0.204 Thread 0x00007fbbf900e000 Uncommon trap: reason=unstable_if action=reinterpret pc=0x00000001173c7000 method=java.lang.String.indexOf(II)I @ 49
Event: 0.482 Thread 0x00007fbbf900e000 Uncommon trap: reason=unstable_if action=reinterpret pc=0x000000011741205c method=java.lang.String.replace(CC)Ljava/lang/String; @ 26
Event: 22.096 Thread 0x00007fbbf900e000 Uncommon trap: reason=unstable_if action=reinterpret pc=0x00000001175b5080 method=org.lwjgl.input.Mouse.next()Z @ 28
Event: 23.798 Thread 0x00007fbbf900e000 Uncommon trap: reason=unstable_if action=reinterpret pc=0x00000001175b0074 method=org.lwjgl.opengl.MacOSXDisplay.update()V @ 86
Event: 36.255 Thread 0x00007fbbf900e000 Uncommon trap: reason=unstable_if action=reinterpret pc=0x00000001175a3c60 method=org.newdawn.slick.AppGameContainer.gameLoop()V @ 60

Internal exceptions (10 events):
Event: 0.042 Thread 0x00007fbbf900e000 Exception <a 'java/lang/NoSuchMethodError': Method sun.misc.Unsafe.defineClass(Ljava/lang/String;[BII)Ljava/lang/Class; name or signature does not match> (0x0000000795587cc0) thrown at [/HUDSON3/workspace/8-2-build-macosx-x86_64/jdk8u101/7261/hotspot/src/
Event: 0.042 Thread 0x00007fbbf900e000 Exception <a 'java/lang/NoSuchMethodError': Method sun.misc.Unsafe.prefetchRead(Ljava/lang/Object;J)V name or signature does not match> (0x0000000795587fa8) thrown at [/HUDSON3/workspace/8-2-build-macosx-x86_64/jdk8u101/7261/hotspot/src/share/vm/prims/jni
Event: 0.182 Thread 0x00007fbbf900e000 Exception <a 'java/security/PrivilegedActionException'> (0x00000007957ae9c8) thrown at [/HUDSON3/workspace/8-2-build-macosx-x86_64/jdk8u101/7261/hotspot/src/share/vm/prims/jvm.cpp, line 1386]
Event: 0.182 Thread 0x00007fbbf900e000 Exception <a 'java/security/PrivilegedActionException'> (0x00000007957aebd8) thrown at [/HUDSON3/workspace/8-2-build-macosx-x86_64/jdk8u101/7261/hotspot/src/share/vm/prims/jvm.cpp, line 1386]
Event: 0.182 Thread 0x00007fbbf900e000 Exception <a 'java/security/PrivilegedActionException'> (0x00000007957b20c8) thrown at [/HUDSON3/workspace/8-2-build-macosx-x86_64/jdk8u101/7261/hotspot/src/share/vm/prims/jvm.cpp, line 1386]
Event: 0.182 Thread 0x00007fbbf900e000 Exception <a 'java/security/PrivilegedActionException'> (0x00000007957b22d8) thrown at [/HUDSON3/workspace/8-2-build-macosx-x86_64/jdk8u101/7261/hotspot/src/share/vm/prims/jvm.cpp, line 1386]
Event: 0.264 Thread 0x00007fbbf900e000 Exception <a 'java/lang/NoSuchFieldError': method resolution failed> (0x00000007958876b8) thrown at [/HUDSON3/workspace/8-2-build-macosx-x86_64/jdk8u101/7261/hotspot/src/share/vm/prims/methodHandles.cpp, line 1146]
Event: 0.267 Thread 0x00007fbbf900e000 Exception <a 'java/lang/NoSuchFieldError': method resolution failed> (0x0000000795894dd8) thrown at [/HUDSON3/workspace/8-2-build-macosx-x86_64/jdk8u101/7261/hotspot/src/share/vm/prims/methodHandles.cpp, line 1146]
Event: 0.450 Thread 0x00007fbbf900e000 Exception <a 'java/io/FileNotFoundException'> (0x000000079590f840) thrown at [/HUDSON3/workspace/8-2-build-macosx-x86_64/jdk8u101/7261/hotspot/src/share/vm/prims/jni.cpp, line 709]
Event: 0.450 Thread 0x00007fbbf900e000 Exception <a 'java/io/FileNotFoundException'> (0x00000007959103c8) thrown at [/HUDSON3/workspace/8-2-build-macosx-x86_64/jdk8u101/7261/hotspot/src/share/vm/prims/jni.cpp, line 709]

Events (10 events):
Event: 32.576 Thread 0x00007fbbf999a800 Thread added: 0x00007fbbf999a800
Event: 33.577 Executing VM operation: RevokeBias
Event: 33.577 Executing VM operation: RevokeBias done
Event: 33.577 Thread 0x00007fbbf999a800 Thread exited: 0x00007fbbf999a800
Event: 33.988 Thread 0x00007fbbf999a800 Thread added: 0x00007fbbf999a800
Event: 36.255 Thread 0x00007fbbf900e000 Uncommon trap: trap_request=0xffffff65 fr.pc=0x00000001175a3c60
Event: 36.255 Thread 0x00007fbbf900e000 DEOPT PACKING pc=0x00000001175a3c60 sp=0x00007000030bf840
Event: 36.255 Thread 0x00007fbbf900e000 DEOPT UNPACKING pc=0x0000000117299229 sp=0x00007000030bf808 mode 2
Event: 36.259 loading class org/lwjgl/opengl/CallbackUtil
Event: 36.259 loading class org/lwjgl/opengl/CallbackUtil done


Dynamic libraries:
0x000000003349c000 	/System/Library/Frameworks/Cocoa.framework/Versions/A/Cocoa
0x000000003349c000 	/System/Library/Frameworks/Security.framework/Versions/A/Security
0x000000003349c000 	/System/Library/Frameworks/ApplicationServices.framework/Versions/A/ApplicationServices
0x000000003349c000 	/usr/lib/libz.1.dylib
0x000000003349c000 	/usr/lib/libSystem.B.dylib
0x000000003349c000 	/usr/lib/libobjc.A.dylib
0x000000003349c000 	/System/Library/Frameworks/CoreFoundation.framework/Versions/A/CoreFoundation
0x000000003349c000 	/System/Library/Frameworks/Foundation.framework/Versions/C/Foundation
0x000000003349c000 	/System/Library/Frameworks/AppKit.framework/Versions/C/AppKit
0x000000003349c000 	/System/Library/Frameworks/CoreData.framework/Versions/A/CoreData
0x000000003349c000 	/System/Library/PrivateFrameworks/RemoteViewServices.framework/Versions/A/RemoteViewServices
0x000000003349c000 	/System/Library/PrivateFrameworks/UIFoundation.framework/Versions/A/UIFoundation
0x000000003349c000 	/System/Library/PrivateFrameworks/DFRFoundation.framework/Versions/A/DFRFoundation
0x000000003349c000 	/usr/lib/libenergytrace.dylib
0x000000003349c000 	/System/Library/PrivateFrameworks/SkyLight.framework/Versions/A/SkyLight
0x000000003349c000 	/System/Library/Frameworks/CoreGraphics.framework/Versions/A/CoreGraphics
0x000000003349c000 	/usr/lib/libScreenReader.dylib
0x000000003349c000 	/System/Library/Frameworks/Accelerate.framework/Versions/A/Accelerate
0x000000003349c000 	/System/Library/Frameworks/IOSurface.framework/Versions/A/IOSurface
0x000000003349c000 	/System/Library/Frameworks/AudioToolbox.framework/Versions/A/AudioToolbox
0x000000003349c000 	/System/Library/Frameworks/AudioUnit.framework/Versions/A/AudioUnit
0x000000003349c000 	/System/Library/PrivateFrameworks/DataDetectorsCore.framework/Versions/A/DataDetectorsCore
0x000000003349c000 	/System/Library/PrivateFrameworks/DesktopServicesPriv.framework/Versions/A/DesktopServicesPriv
0x000000003349c000 	/System/Library/Frameworks/Carbon.framework/Versions/A/Frameworks/HIToolbox.framework/Versions/A/HIToolbox
0x000000003349c000 	/usr/lib/libicucore.A.dylib
0x000000003349c000 	/System/Library/Frameworks/QuartzCore.framework/Versions/A/QuartzCore
0x000000003349c000 	/System/Library/Frameworks/Carbon.framework/Versions/A/Frameworks/SpeechRecognition.framework/Versions/A/SpeechRecognition
0x000000003349c000 	/usr/lib/libauto.dylib
0x000000003349c000 	/usr/lib/libxml2.2.dylib
0x000000003349c000 	/System/Library/PrivateFrameworks/CoreUI.framework/Versions/A/CoreUI
0x000000003349c000 	/System/Library/Frameworks/CoreAudio.framework/Versions/A/CoreAudio
0x000000003349c000 	/System/Library/Frameworks/DiskArbitration.framework/Versions/A/DiskArbitration
0x000000003349c000 	/usr/lib/liblangid.dylib
0x000000003349c000 	/System/Library/PrivateFrameworks/MultitouchSupport.framework/Versions/A/MultitouchSupport
0x000000003349c000 	/System/Library/Frameworks/IOKit.framework/Versions/A/IOKit
0x000000003349c000 	/usr/lib/libDiagnosticMessagesClient.dylib
0x000000003349c000 	/System/Library/Frameworks/CoreServices.framework/Versions/A/CoreServices
0x000000003349c000 	/System/Library/PrivateFrameworks/PerformanceAnalysis.framework/Versions/A/PerformanceAnalysis
0x000000003349c000 	/System/Library/PrivateFrameworks/GenerationalStorage.framework/Versions/A/GenerationalStorage
0x000000003349c000 	/System/Library/Frameworks/OpenGL.framework/Versions/A/OpenGL
0x000000003349c000 	/System/Library/Frameworks/CoreImage.framework/Versions/A/CoreImage
0x000000003349c000 	/System/Library/Frameworks/CoreText.framework/Versions/A/CoreText
0x000000003349c000 	/System/Library/Frameworks/ImageIO.framework/Versions/A/ImageIO
0x000000003349c000 	/System/Library/PrivateFrameworks/Backup.framework/Versions/A/Backup
0x000000003349c000 	/usr/lib/libarchive.2.dylib
0x000000003349c000 	/System/Library/Frameworks/CFNetwork.framework/Versions/A/CFNetwork
0x000000003349c000 	/System/Library/Frameworks/SystemConfiguration.framework/Versions/A/SystemConfiguration
0x000000003349c000 	/usr/lib/libCRFSuite.dylib
0x000000003349c000 	/usr/lib/libc++.1.dylib
0x000000003349c000 	/usr/lib/libc++abi.dylib
0x000000003349c000 	/usr/lib/system/libcache.dylib
0x000000003349c000 	/usr/lib/system/libcommonCrypto.dylib
0x000000003349c000 	/usr/lib/system/libcompiler_rt.dylib
0x000000003349c000 	/usr/lib/system/libcopyfile.dylib
0x000000003349c000 	/usr/lib/system/libcorecrypto.dylib
0x000000003349c000 	/usr/lib/system/libdispatch.dylib
0x000000003349c000 	/usr/lib/system/libdyld.dylib
0x000000003349c000 	/usr/lib/system/libkeymgr.dylib
0x000000003349c000 	/usr/lib/system/liblaunch.dylib
0x000000003349c000 	/usr/lib/system/libmacho.dylib
0x000000003349c000 	/usr/lib/system/libquarantine.dylib
0x000000003349c000 	/usr/lib/system/libremovefile.dylib
0x000000003349c000 	/usr/lib/system/libsystem_asl.dylib
0x000000003349c000 	/usr/lib/system/libsystem_blocks.dylib
0x000000003349c000 	/usr/lib/system/libsystem_c.dylib
0x000000003349c000 	/usr/lib/system/libsystem_configuration.dylib
0x000000003349c000 	/usr/lib/system/libsystem_coreservices.dylib
0x000000003349c000 	/usr/lib/system/libsystem_coretls.dylib
0x000000003349c000 	/usr/lib/system/libsystem_dnssd.dylib
0x000000003349c000 	/usr/lib/system/libsystem_info.dylib
0x000000003349c000 	/usr/lib/system/libsystem_kernel.dylib
0x000000003349c000 	/usr/lib/system/libsystem_m.dylib
0x000000003349c000 	/usr/lib/system/libsystem_malloc.dylib
0x000000003349c000 	/usr/lib/system/libsystem_network.dylib
0x000000003349c000 	/usr/lib/system/libsystem_networkextension.dylib
0x000000003349c000 	/usr/lib/system/libsystem_notify.dylib
0x000000003349c000 	/usr/lib/system/libsystem_platform.dylib
0x000000003349c000 	/usr/lib/system/libsystem_pthread.dylib
0x000000003349c000 	/usr/lib/system/libsystem_sandbox.dylib
0x000000003349c000 	/usr/lib/system/libsystem_secinit.dylib
0x000000003349c000 	/usr/lib/system/libsystem_symptoms.dylib
0x000000003349c000 	/usr/lib/system/libsystem_trace.dylib
0x000000003349c000 	/usr/lib/system/libunwind.dylib
0x000000003349c000 	/usr/lib/system/libxpc.dylib
0x000000003349c000 	/usr/lib/libbsm.0.dylib
0x000000003349c000 	/usr/lib/system/libkxld.dylib
0x000000003349c000 	/usr/lib/libcoretls.dylib
0x000000003349c000 	/usr/lib/libcoretls_cfhelpers.dylib
0x000000003349c000 	/usr/lib/libOpenScriptingUtil.dylib
0x000000003349c000 	/usr/lib/libpam.2.dylib
0x000000003349c000 	/usr/lib/libsqlite3.dylib
0x000000003349c000 	/usr/lib/libxar.1.dylib
0x000000003349c000 	/usr/lib/libbz2.1.0.dylib
0x000000003349c000 	/usr/lib/liblzma.5.dylib
0x000000003349c000 	/usr/lib/libnetwork.dylib
0x000000003349c000 	/usr/lib/libpcap.A.dylib
0x000000003349c000 	/System/Library/Frameworks/CoreServices.framework/Versions/A/Frameworks/FSEvents.framework/Versions/A/FSEvents
0x000000003349c000 	/System/Library/Frameworks/CoreServices.framework/Versions/A/Frameworks/CarbonCore.framework/Versions/A/CarbonCore
0x000000003349c000 	/System/Library/Frameworks/CoreServices.framework/Versions/A/Frameworks/Metadata.framework/Versions/A/Metadata
0x000000003349c000 	/System/Library/Frameworks/CoreServices.framework/Versions/A/Frameworks/OSServices.framework/Versions/A/OSServices
0x000000003349c000 	/System/Library/Frameworks/CoreServices.framework/Versions/A/Frameworks/SearchKit.framework/Versions/A/SearchKit
0x000000003349c000 	/System/Library/Frameworks/CoreServices.framework/Versions/A/Frameworks/AE.framework/Versions/A/AE
0x000000003349c000 	/System/Library/Frameworks/CoreServices.framework/Versions/A/Frameworks/LaunchServices.framework/Versions/A/LaunchServices
0x000000003349c000 	/System/Library/Frameworks/CoreServices.framework/Versions/A/Frameworks/DictionaryServices.framework/Versions/A/DictionaryServices
0x000000003349c000 	/System/Library/Frameworks/CoreServices.framework/Versions/A/Frameworks/SharedFileList.framework/Versions/A/SharedFileList
0x000000003349c000 	/System/Library/Frameworks/NetFS.framework/Versions/A/NetFS
0x000000003349c000 	/System/Library/PrivateFrameworks/NetAuth.framework/Versions/A/NetAuth
0x000000003349c000 	/System/Library/PrivateFrameworks/login.framework/Versions/A/Frameworks/loginsupport.framework/Versions/A/loginsupport
0x000000003349c000 	/System/Library/PrivateFrameworks/TCC.framework/Versions/A/TCC
0x000000003349c000 	/usr/lib/libmecabra.dylib
0x000000003349c000 	/System/Library/Frameworks/ApplicationServices.framework/Versions/A/Frameworks/ATS.framework/Versions/A/ATS
0x000000003349c000 	/System/Library/Frameworks/ApplicationServices.framework/Versions/A/Frameworks/ColorSync.framework/Versions/A/ColorSync
0x000000003349c000 	/System/Library/Frameworks/ApplicationServices.framework/Versions/A/Frameworks/HIServices.framework/Versions/A/HIServices
0x000000003349c000 	/System/Library/Frameworks/ApplicationServices.framework/Versions/A/Frameworks/LangAnalysis.framework/Versions/A/LangAnalysis
0x000000003349c000 	/System/Library/Frameworks/ApplicationServices.framework/Versions/A/Frameworks/PrintCore.framework/Versions/A/PrintCore
0x000000003349c000 	/System/Library/Frameworks/ApplicationServices.framework/Versions/A/Frameworks/QD.framework/Versions/A/QD
0x000000003349c000 	/System/Library/Frameworks/ApplicationServices.framework/Versions/A/Frameworks/SpeechSynthesis.framework/Versions/A/SpeechSynthesis
0x000000003349c000 	/System/Library/Frameworks/Accelerate.framework/Versions/A/Frameworks/vImage.framework/Versions/A/vImage
0x000000003349c000 	/System/Library/Frameworks/Accelerate.framework/Versions/A/Frameworks/vecLib.framework/Versions/A/vecLib
0x000000003349c000 	/System/Library/Frameworks/Accelerate.framework/Versions/A/Frameworks/vecLib.framework/Versions/A/libvDSP.dylib
0x000000003349c000 	/System/Library/Frameworks/Accelerate.framework/Versions/A/Frameworks/vecLib.framework/Versions/A/libBNNS.dylib
0x000000003349c000 	/System/Library/Frameworks/Accelerate.framework/Versions/A/Frameworks/vecLib.framework/Versions/A/libQuadrature.dylib
0x000000003349c000 	/System/Library/Frameworks/Accelerate.framework/Versions/A/Frameworks/vecLib.framework/Versions/A/libvMisc.dylib
0x000000003349c000 	/System/Library/Frameworks/Accelerate.framework/Versions/A/Frameworks/vecLib.framework/Versions/A/libLAPACK.dylib
0x000000003349c000 	/System/Library/Frameworks/Accelerate.framework/Versions/A/Frameworks/vecLib.framework/Versions/A/libBLAS.dylib
0x000000003349c000 	/System/Library/Frameworks/Accelerate.framework/Versions/A/Frameworks/vecLib.framework/Versions/A/libLinearAlgebra.dylib
0x000000003349c000 	/System/Library/Frameworks/Accelerate.framework/Versions/A/Frameworks/vecLib.framework/Versions/A/libSparseBLAS.dylib
0x000000003349c000 	/System/Library/Frameworks/ApplicationServices.framework/Versions/A/Frameworks/ATS.framework/Versions/A/Resources/libFontParser.dylib
0x000000003349c000 	/System/Library/Frameworks/ApplicationServices.framework/Versions/A/Frameworks/ATS.framework/Versions/A/Resources/libFontRegistry.dylib
0x000000003349c000 	/System/Library/Frameworks/ImageIO.framework/Versions/A/Resources/libJPEG.dylib
0x000000003349c000 	/System/Library/Frameworks/ImageIO.framework/Versions/A/Resources/libTIFF.dylib
0x000000003349c000 	/System/Library/Frameworks/ImageIO.framework/Versions/A/Resources/libPng.dylib
0x000000003349c000 	/System/Library/Frameworks/ImageIO.framework/Versions/A/Resources/libGIF.dylib
0x000000003349c000 	/System/Library/Frameworks/ImageIO.framework/Versions/A/Resources/libJP2.dylib
0x000000003349c000 	/System/Library/Frameworks/ImageIO.framework/Versions/A/Resources/libRadiance.dylib
0x000000003349c000 	/usr/lib/libcompression.dylib
0x000000003349c000 	/System/Library/PrivateFrameworks/AppleJPEG.framework/Versions/A/AppleJPEG
0x000000003349c000 	/usr/lib/libcups.2.dylib
0x000000003349c000 	/System/Library/Frameworks/Kerberos.framework/Versions/A/Kerberos
0x000000003349c000 	/System/Library/Frameworks/GSS.framework/Versions/A/GSS
0x000000003349c000 	/usr/lib/libresolv.9.dylib
0x000000003349c000 	/usr/lib/libiconv.2.dylib
0x000000003349c000 	/System/Library/PrivateFrameworks/Heimdal.framework/Versions/A/Heimdal
0x000000003349c000 	/usr/lib/libheimdal-asn1.dylib
0x000000003349c000 	/System/Library/Frameworks/OpenDirectory.framework/Versions/A/OpenDirectory
0x000000003349c000 	/System/Library/PrivateFrameworks/CommonAuth.framework/Versions/A/CommonAuth
0x000000003349c000 	/System/Library/Frameworks/OpenDirectory.framework/Versions/A/Frameworks/CFOpenDirectory.framework/Versions/A/CFOpenDirectory
0x000000003349c000 	/System/Library/Frameworks/SecurityFoundation.framework/Versions/A/SecurityFoundation
0x000000003349c000 	/System/Library/PrivateFrameworks/LanguageModeling.framework/Versions/A/LanguageModeling
0x000000003349c000 	/usr/lib/libmarisa.dylib
0x000000003349c000 	/usr/lib/libChineseTokenizer.dylib
0x000000003349c000 	/usr/lib/libcmph.dylib
0x000000003349c000 	/System/Library/PrivateFrameworks/CoreEmoji.framework/Versions/A/CoreEmoji
0x000000003349c000 	/System/Library/Frameworks/ServiceManagement.framework/Versions/A/ServiceManagement
0x000000003349c000 	/usr/lib/libxslt.1.dylib
0x000000003349c000 	/System/Library/Frameworks/Carbon.framework/Versions/A/Frameworks/Ink.framework/Versions/A/Ink
0x000000003349c000 	/System/Library/PrivateFrameworks/TextureIO.framework/Versions/A/TextureIO
0x000000003349c000 	/System/Library/Frameworks/Metal.framework/Versions/A/Metal
0x000000003349c000 	/usr/lib/libate.dylib
0x000000003349c000 	/System/Library/PrivateFrameworks/GPUCompiler.framework/libmetal_timestamp.dylib
0x000000003349c000 	/System/Library/Frameworks/OpenGL.framework/Versions/A/Libraries/libCoreFSCache.dylib
0x000000003349c000 	/System/Library/PrivateFrameworks/IOAccelerator.framework/Versions/A/IOAccelerator
0x000000003349c000 	/System/Library/Frameworks/CoreVideo.framework/Versions/A/CoreVideo
0x000000003349c000 	/usr/lib/libFosl_dynamic.dylib
0x000000003349c000 	/System/Library/PrivateFrameworks/MetalPerformanceShaders.framework/Versions/A/MetalPerformanceShaders
0x000000003349c000 	/System/Library/PrivateFrameworks/FaceCore.framework/Versions/A/FaceCore
0x000000003349c000 	/System/Library/Frameworks/OpenCL.framework/Versions/A/OpenCL
0x000000003349c000 	/System/Library/Frameworks/OpenGL.framework/Versions/A/Libraries/libGLU.dylib
0x000000003349c000 	/System/Library/Frameworks/OpenGL.framework/Versions/A/Libraries/libGFXShared.dylib
0x000000003349c000 	/System/Library/Frameworks/OpenGL.framework/Versions/A/Libraries/libGL.dylib
0x000000003349c000 	/System/Library/Frameworks/OpenGL.framework/Versions/A/Libraries/libGLImage.dylib
0x000000003349c000 	/System/Library/Frameworks/OpenGL.framework/Versions/A/Libraries/libCVMSPluginSupport.dylib
0x000000003349c000 	/System/Library/Frameworks/OpenGL.framework/Versions/A/Libraries/libCoreVMClient.dylib
0x000000003349c000 	/System/Library/PrivateFrameworks/CrashReporterSupport.framework/Versions/A/CrashReporterSupport
0x000000003349c000 	/System/Library/PrivateFrameworks/Sharing.framework/Versions/A/Sharing
0x000000003349c000 	/System/Library/PrivateFrameworks/IconServices.framework/Versions/A/IconServices
0x000000003349c000 	/System/Library/PrivateFrameworks/ProtocolBuffer.framework/Versions/A/ProtocolBuffer
0x000000003349c000 	/System/Library/PrivateFrameworks/Apple80211.framework/Versions/A/Apple80211
0x000000003349c000 	/System/Library/Frameworks/CoreWLAN.framework/Versions/A/CoreWLAN
0x000000003349c000 	/System/Library/PrivateFrameworks/CoreUtils.framework/Versions/A/CoreUtils
0x000000003349c000 	/System/Library/Frameworks/IOBluetooth.framework/Versions/A/IOBluetooth
0x000000003349c000 	/System/Library/PrivateFrameworks/CoreWiFi.framework/Versions/A/CoreWiFi
0x000000003349c000 	/System/Library/Frameworks/CoreBluetooth.framework/Versions/A/CoreBluetooth
0x000000003349c000 	/System/Library/Frameworks/CoreDisplay.framework/Versions/A/CoreDisplay
0x000000003349c000 	/System/Library/PrivateFrameworks/IOPresentment.framework/Versions/A/IOPresentment
0x000000003349c000 	/System/Library/PrivateFrameworks/DSExternalDisplay.framework/Versions/A/DSExternalDisplay
0x000000003349c000 	/System/Library/PrivateFrameworks/DebugSymbols.framework/Versions/A/DebugSymbols
0x000000003349c000 	/System/Library/PrivateFrameworks/CoreSymbolication.framework/Versions/A/CoreSymbolication
0x000000003349c000 	/System/Library/PrivateFrameworks/Symbolication.framework/Versions/A/Symbolication
0x000000003349c000 	/System/Library/PrivateFrameworks/AppleFSCompression.framework/Versions/A/AppleFSCompression
0x000000003349c000 	/System/Library/PrivateFrameworks/SpeechRecognitionCore.framework/Versions/A/SpeechRecognitionCore
0x000000003349c000 	/System/Library/PrivateFrameworks/ChunkingLibrary.framework/Versions/A/ChunkingLibrary
0x00000001091aa000 	/System/Library/CoreServices/Encodings/libSimplifiedChineseConverter.dylib
0x00000001091ee000 	/Library/Java/JavaVirtualMachines/jdk1.8.0_101.jdk/Contents/Home/jre/lib/server/libjvm.dylib
0x000000003349c000 	/usr/lib/libstdc++.6.dylib
0x000000010a18b000 	/Library/Java/JavaVirtualMachines/jdk1.8.0_101.jdk/Contents/Home/jre/lib/libverify.dylib
0x000000010a199000 	/Library/Java/JavaVirtualMachines/jdk1.8.0_101.jdk/Contents/Home/jre/lib/libjava.dylib
0x000000010a1d8000 	/Library/Java/JavaVirtualMachines/jdk1.8.0_101.jdk/Contents/Home/jre/lib/libzip.dylib
0x000000010a1e2000 	/System/Library/Frameworks/JavaVM.framework/Frameworks/JavaRuntimeSupport.framework/JavaRuntimeSupport
0x0000000111363000 	/System/Library/Frameworks/JavaVM.framework/Versions/A/Frameworks/JavaNativeFoundation.framework/Versions/A/JavaNativeFoundation
0x0000000111378000 	/System/Library/Frameworks/JavaVM.framework/Versions/A/JavaVM
0x000000003349c000 	/System/Library/Frameworks/Carbon.framework/Versions/A/Carbon
0x0000000111385000 	/System/Library/PrivateFrameworks/JavaLaunching.framework/Versions/A/JavaLaunching
0x000000003349c000 	/System/Library/Frameworks/Carbon.framework/Versions/A/Frameworks/CommonPanels.framework/Versions/A/CommonPanels
0x000000003349c000 	/System/Library/Frameworks/Carbon.framework/Versions/A/Frameworks/Help.framework/Versions/A/Help
0x000000003349c000 	/System/Library/Frameworks/Carbon.framework/Versions/A/Frameworks/ImageCapture.framework/Versions/A/ImageCapture
0x000000003349c000 	/System/Library/Frameworks/Carbon.framework/Versions/A/Frameworks/OpenScripting.framework/Versions/A/OpenScripting
0x000000003349c000 	/System/Library/Frameworks/Carbon.framework/Versions/A/Frameworks/Print.framework/Versions/A/Print
0x000000003349c000 	/System/Library/Frameworks/Carbon.framework/Versions/A/Frameworks/SecurityHI.framework/Versions/A/SecurityHI
0x0000000112cb3000 	/Library/Java/JavaVirtualMachines/jdk1.8.0_101.jdk/Contents/Home/jre/lib/libawt.dylib
0x0000000112d5b000 	/Library/Java/JavaVirtualMachines/jdk1.8.0_101.jdk/Contents/Home/jre/lib/./libmlib_image.dylib
0x0000000112e27000 	/Library/Java/JavaVirtualMachines/jdk1.8.0_101.jdk/Contents/Home/jre/lib/libawt_lwawt.dylib
0x0000000112edc000 	/Library/Java/JavaVirtualMachines/jdk1.8.0_101.jdk/Contents/Home/jre/lib/./libosxapp.dylib
0x000000003349c000 	/System/Library/Frameworks/ExceptionHandling.framework/Versions/A/ExceptionHandling
0x000000003349c000 	/System/Library/PrivateFrameworks/CoreServicesInternal.framework/Versions/A/CoreServicesInternal
0x000000003349c000 	/System/Library/CoreServices/RawCamera.bundle/Contents/MacOS/RawCamera
0x000000003349c000 	/System/Library/Frameworks/Accelerate.framework/Versions/A/Frameworks/vImage.framework/Versions/A/Libraries/libCGInterfaces.dylib
0x000000003349c000 	/System/Library/Frameworks/ApplicationServices.framework/Versions/A/Frameworks/ATS.framework/Versions/A/Resources/libTrueTypeScaler.dylib
0x0000000114c81000 	/System/Library/Frameworks/OpenGL.framework/Resources/GLEngine.bundle/GLEngine
0x000000003349c000 	/System/Library/Frameworks/OpenGL.framework/Versions/A/Libraries/libGLProgrammability.dylib
0x0000000114e66000 	/System/Library/Extensions/AppleIntelBDWGraphicsGLDriver.bundle/Contents/MacOS/AppleIntelBDWGraphicsGLDriver
0x000000003349c000 	/System/Library/PrivateFrameworks/GPUSupport.framework/Versions/A/Libraries/libGPUSupportMercury.dylib
0x00000001155d0000 	/System/Library/Frameworks/OpenGL.framework/Resources//GLRendererFloat.bundle/GLRendererFloat
0x000000003349c000 	/System/Library/Frameworks/OpenCL.framework/Versions/A/Libraries/libcldcpuengine.dylib
0x000000003349c000 	/usr/lib/libcrypto.0.9.8.dylib
0x000000003349c000 	/System/Library/PrivateFrameworks/TrustEvaluationAgent.framework/Versions/A/TrustEvaluationAgent
0x0000000115604000 	/System/Library/Extensions/AppleIntelBDWGraphicsMTLDriver.bundle/Contents/MacOS/AppleIntelBDWGraphicsMTLDriver
0x000000003349c000 	/System/Library/PrivateFrameworks/FamilyControls.framework/Versions/A/FamilyControls
0x000000003349c000 	/System/Library/PrivateFrameworks/CommerceKit.framework/Versions/A/Frameworks/CommerceCore.framework/Versions/A/CommerceCore
0x000000003349c000 	/System/Library/PrivateFrameworks/SystemAdministration.framework/Versions/A/SystemAdministration
0x000000003349c000 	/System/Library/PrivateFrameworks/AppContainer.framework/Versions/A/AppContainer
0x000000003349c000 	/System/Library/PrivateFrameworks/SecCodeWrapper.framework/Versions/A/SecCodeWrapper
0x000000003349c000 	/System/Library/Frameworks/DirectoryService.framework/Versions/A/DirectoryService
0x000000003349c000 	/System/Library/PrivateFrameworks/DiskImages.framework/Versions/A/DiskImages
0x000000003349c000 	/System/Library/PrivateFrameworks/LoginUIKit.framework/Versions/A/Frameworks/LoginUICore.framework/Versions/A/LoginUICore
0x000000003349c000 	/usr/lib/libCoreStorage.dylib
0x000000003349c000 	/usr/lib/libcsfde.dylib
0x000000003349c000 	/usr/lib/libodfde.dylib
0x000000003349c000 	/System/Library/Frameworks/DiscRecording.framework/Versions/A/DiscRecording
0x000000003349c000 	/usr/lib/libcurl.4.dylib
0x000000003349c000 	/System/Library/PrivateFrameworks/MediaKit.framework/Versions/A/MediaKit
0x000000003349c000 	/System/Library/PrivateFrameworks/ProtectedCloudStorage.framework/Versions/A/ProtectedCloudStorage
0x000000003349c000 	/System/Library/PrivateFrameworks/EFILogin.framework/Versions/A/EFILogin
0x000000003349c000 	/usr/lib/libutil.dylib
0x000000003349c000 	/System/Library/Frameworks/LDAP.framework/Versions/A/LDAP
0x000000003349c000 	/usr/lib/libsasl2.2.dylib
0x000000003349c000 	/System/Library/PrivateFrameworks/CoreDaemon.framework/Versions/B/CoreDaemon
0x000000003349c000 	/System/Library/PrivateFrameworks/AppleSRP.framework/Versions/A/AppleSRP
0x000000003349c000 	/System/Library/PrivateFrameworks/APFS.framework/Versions/A/APFS
0x0000000116dbc000 	/Library/Java/JavaVirtualMachines/jdk1.8.0_101.jdk/Contents/Home/jre/lib/libfontmanager.dylib
0x0000000116e23000 	/Users/LiuShijie/eclipse-workspace/SlickGameProject/lib/liblwjgl.dylib
0x00000001137b5000 	/Library/Java/JavaVirtualMachines/jdk1.8.0_101.jdk/Contents/Home/jre/lib/libjawt.dylib
0x00000001157d1000 	/Users/LiuShijie/eclipse-workspace/SlickGameProject/lib/libjinput-osx.dylib
0x00000001276e6000 	/System/Library/Extensions/IOHIDFamily.kext/Contents/PlugIns/IOHIDLib.plugin/Contents/MacOS/IOHIDLib

VM Arguments:
jvm_args: -Djava.library.path=/Users/LiuShijie/eclipse-workspace/SlickGameProject/lib -Dfile.encoding=UTF-8 
java_command: App
java_class_path (initial): /Users/LiuShijie/eclipse-workspace/SlickGameProject/bin:/Users/LiuShijie/eclipse-workspace/SlickGameProject/lib/jinput.jar:/Users/LiuShijie/eclipse-workspace/SlickGameProject/lib/lwjgl.jar:/Users/LiuShijie/eclipse-workspace/SlickGameProject/lib/slick.jar
Launcher Type: SUN_STANDARD

Environment Variables:
PATH=/usr/bin:/bin:/usr/sbin:/sbin
SHELL=/bin/bash

Signal Handlers:
SIGSEGV: [libjvm.dylib+0x5af145], sa_mask[0]=11111111011111110111111111111111, sa_flags=SA_ONSTACK|SA_RESTART|SA_SIGINFO
SIGBUS: [libjvm.dylib+0x5af145], sa_mask[0]=11111111011111110111111111111111, sa_flags=SA_RESTART|SA_SIGINFO
SIGFPE: [libjvm.dylib+0x48694c], sa_mask[0]=11111111011111110111111111111111, sa_flags=SA_RESTART|SA_SIGINFO
SIGPIPE: [libjvm.dylib+0x48694c], sa_mask[0]=11111111011111110111111111111111, sa_flags=SA_RESTART|SA_SIGINFO
SIGXFSZ: [libjvm.dylib+0x48694c], sa_mask[0]=11111111011111110111111111111111, sa_flags=SA_RESTART|SA_SIGINFO
SIGILL: [libjvm.dylib+0x48694c], sa_mask[0]=11111111011111110111111111111111, sa_flags=SA_RESTART|SA_SIGINFO
SIGUSR1: SIG_DFL, sa_mask[0]=00000000000000000000000000000000, sa_flags=none
SIGUSR2: [libjvm.dylib+0x48646a], sa_mask[0]=00100000000000000000000000000000, sa_flags=SA_RESTART|SA_SIGINFO
SIGHUP: [libjvm.dylib+0x484a41], sa_mask[0]=11111111011111110111111111111111, sa_flags=SA_RESTART|SA_SIGINFO
SIGINT: [libjvm.dylib+0x484a41], sa_mask[0]=11111111011111110111111111111111, sa_flags=SA_RESTART|SA_SIGINFO
SIGTERM: [libjvm.dylib+0x484a41], sa_mask[0]=11111111011111110111111111111111, sa_flags=SA_RESTART|SA_SIGINFO
SIGQUIT: [libjvm.dylib+0x484a41], sa_mask[0]=11111111011111110111111111111111, sa_flags=SA_RESTART|SA_SIGINFO


---------------  S Y S T E M  ---------------

OS:Bsduname:Darwin 16.7.0 Darwin Kernel Version 16.7.0: Thu Jun 15 17:36:27 PDT 2017; root:xnu-3789.70.16~2/RELEASE_X86_64 x86_64
rlimit: STACK 8192k, CORE 0k, NPROC 709, NOFILE 10240, AS infinity
load average:1.24 1.30 1.36

CPU:total 4 (2 cores per cpu, 2 threads per core) family 6 model 61 stepping 4, cmov, cx8, fxsr, mmx, sse, sse2, sse3, ssse3, sse4.1, sse4.2, popcnt, avx, avx2, aes, clmul, erms, 3dnowpref, lzcnt, ht, tsc, tscinvbit, bmi1, bmi2, adx

Memory: 4k page, physical 8388608k(2672456k free)

/proc/meminfo:


vm_info: Java HotSpot(TM) 64-Bit Server VM (25.101-b13) for bsd-amd64 JRE (1.8.0_101-b13), built on Jun 22 2016 02:42:15 by "java_re" with gcc 4.2.1 (Based on Apple Inc. build 5658) (LLVM build 2336.11.00)

time: Sun Sep  3 13:11:06 2017
elapsed time: 36 seconds (0d 0h 0m 36s)

