#
# A fatal error has been detected by the Java Runtime Environment:
#
#  SIGSEGV (0xb) at pc=0x00007fffbd72605d, pid=9053, tid=0x0000000000000307
#
# JRE version: Java(TM) SE Runtime Environment (8.0_101-b13) (build 1.8.0_101-b13)
# Java VM: Java HotSpot(TM) 64-Bit Server VM (25.101-b13 mixed mode bsd-amd64 compressed oops)
# Problematic frame:
# C  [libobjc.A.dylib+0x705d]  objc_msgSend+0x1d
#
# Failed to write core dump. Core dumps have been disabled. To enable core dumping, try "ulimit -c unlimited" before starting Java again
#
# If you would like to submit a bug report, please visit:
#   http://bugreport.java.com/bugreport/crash.jsp
# The crash happened outside the Java Virtual Machine in native code.
# See problematic frame for where to report the bug.
#

---------------  T H R E A D  ---------------

Current thread (0x00007ff3428f1000):  JavaThread "AppKit Thread" daemon [_thread_in_native, id=775, stack(0x00007fff54ebc000,0x00007fff556bc000)]

siginfo: si_signo: 11 (SIGSEGV), si_code: 1 (SEGV_MAPERR), si_addr: 0x0000000000000018

Registers:
RAX=0x0000000000000000, RBX=0x00007ff34248dd60, RCX=0x0000000000000000, RDX=0x00000000000fc040
RSP=0x00007fff556b6868, RBP=0x00007fff556b6890, RSI=0x00007fffa701a7ab, RDI=0x00007ff34272f3a0
R8 =0x0000000000000003, R9 =0x00007ff344d00080, R10=0x0000000000000000, R11=0x00007fffa701a7ab
R12=0x0000000000000094, R13=0x00007fffa6ffd17f, R14=0x00007ff34272f3a0, R15=0x0000000000000000
RIP=0x00007fffbd72605d, EFLAGS=0x0000000000010246, ERR=0x0000000000000004
  TRAPNO=0x000000000000000e

Top of Stack: (sp=0x00007fff556b6868)
0x00007fff556b6868:   00000001272a2598 00007ff34248dd60
0x00007fff556b6878:   00000001272d6c60 00007ff34242e750
0x00007fff556b6888:   00007ff34242e750 00007fff556b6e00
0x00007fff556b6898:   00007fffa64e9e7b 0000000000000000
0x00007fff556b68a8:   0000000000000000 4089000000000000
0x00007fff556b68b8:   4082c00000000000 0000000000000000
0x00007fff556b68c8:   0000000000000000 4089000000000000
0x00007fff556b68d8:   4082c00000000000 00007fff556b6900
0x00007fff556b68e8:   00007fffa902ef20 00000000000001c0
0x00007fff556b68f8:   ffff800cbda6ff90 00007ff342590070
0x00007fff556b6908:   00007fffc6e7a480 00007fff556b6970
0x00007fff556b6918:   00007fffbd72e243 00007fffc6e7a640
0x00007fff556b6928:   00000001a6fb5100 00007ff342590070
0x00007fff556b6938:   ffff800cbda6ff90 00007ff342915740
0x00007fff556b6948:   00007ff342553c60 00007fffa6fb5100
0x00007fff556b6958:   00007ff34248dd60 00007fffbd726040
0x00007fff556b6968:   00007fff556b69d0 00007fff556b69c0
0x00007fff556b6978:   00007fffa6bc391f 401c000000000000
0x00007fff556b6988:   4082e00000000000 402c000000000000
0x00007fff556b6998:   0000000000000000 00007fff00000000
0x00007fff556b69a8:   0000000000000000 00007fffa6fcebb8
0x00007fff556b69b8:   00007ff342553c00 00000001556b6a10
0x00007fff556b69c8:   00007ff342553c60 0000000000000088
0x00007fff556b69d8:   00007ff342630e10 012c000000000000
0x00007fff556b69e8:   00007ff34248dd60 00007fff556b6a10
0x00007fff556b69f8:   00007ff342553c60 00007fff556b6ae0
0x00007fff556b6a08:   00007ff342553c60 00007fff556b6a50
0x00007fff556b6a18:   00007fffa65a1c42 401c000000000000
0x00007fff556b6a28:   4082d80000000000 402c000000000000
0x00007fff556b6a38:   4030000000000000 00007fff556b6ae0
0x00007fff556b6a48:   00007ff342553c60 00007fff556b6ad0
0x00007fff556b6a58:   00007fffa65a1be4 401c000000000000 

Instructions: (pc=0x00007fffbd72605d)
0x00007fffbd72603d:   0f 1f 00 48 85 ff 2e 74 62 40 f6 c7 01 2e 75 66
0x00007fffbd72604d:   49 ba f8 ff ff ff ff 7f 00 00 4c 23 17 49 89 f3
0x00007fffbd72605d:   45 23 5a 18 49 c1 e3 04 4d 03 5a 10 49 3b 33 75
0x00007fffbd72606d:   04 41 ff 63 08 49 83 3b 01 76 0d 49 83 c3 10 49 

Register to memory mapping:

RAX=0x0000000000000000 is an unknown value
RBX=0x00007ff34248dd60 is an unknown value
RCX=0x0000000000000000 is an unknown value
RDX=0x00000000000fc040 is an unknown value
RSP=0x00007fff556b6868 is pointing into the stack for thread: 0x00007ff3428f1000
RBP=0x00007fff556b6890 is pointing into the stack for thread: 0x00007ff3428f1000
RSI=0x00007fffa701a7ab: __NSStyleNameIndexTable+0xe03f3 in /System/Library/Frameworks/AppKit.framework/Versions/C/AppKit at 0x00007fffa634d000
RDI=0x00007ff34272f3a0 is an unknown value
R8 =0x0000000000000003 is an unknown value
R9 =0x00007ff344d00080 is an unknown value
R10=0x0000000000000000 is an unknown value
R11=0x00007fffa701a7ab: __NSStyleNameIndexTable+0xe03f3 in /System/Library/Frameworks/AppKit.framework/Versions/C/AppKit at 0x00007fffa634d000
R12=0x0000000000000094 is an unknown value
R13=0x00007fffa6ffd17f: __NSStyleNameIndexTable+0xc2dc7 in /System/Library/Frameworks/AppKit.framework/Versions/C/AppKit at 0x00007fffa634d000
R14=0x00007ff34272f3a0 is an unknown value
R15=0x0000000000000000 is an unknown value


Stack: [0x00007fff54ebc000,0x00007fff556bc000],  sp=0x00007fff556b6868,  free space=8170k
Native frames: (J=compiled Java code, j=interpreted, Vv=VM code, C=native code)
C  [libobjc.A.dylib+0x705d]  objc_msgSend+0x1d
C  [AppKit+0x19ce7b]  -[NSView _recursiveDisplayRectIfNeededIgnoringOpacity:isVisibleRect:rectIsVisibleRectForView:topView:]+0x6ee
C  [AppKit+0x19d6d1]  -[NSView _recursiveDisplayRectIfNeededIgnoringOpacity:isVisibleRect:rectIsVisibleRectForView:topView:]+0xf44
C  [AppKit+0x19c2af]  -[NSThemeFrame _recursiveDisplayRectIfNeededIgnoringOpacity:isVisibleRect:rectIsVisibleRectForView:topView:]+0x14e
C  [AppKit+0x19a6d8]  -[NSView _displayRectIgnoringOpacity:isVisibleRect:rectIsVisibleRectForView:]+0x994
C  [AppKit+0x195fca]  -[NSView displayIfNeeded]+0x6d4
C  [AppKit+0x1958db]  -[NSWindow displayIfNeeded]+0xe6
C  [AppKit+0x8f5cb4]  ___NSWindowGetDisplayCycleObserver_block_invoke.6228+0x115
C  [AppKit+0x1953b9]  __37+[NSDisplayCycle currentDisplayCycle]_block_invoke+0x1c6
C  [QuartzCore+0x11d06]  _ZN2CA11Transaction19run_commit_handlersE18CATransactionPhase+0x2e
C  [QuartzCore+0x11b8bc]  _ZN2CA7Context18commit_transactionEPNS_11TransactionE+0xa0
C  [QuartzCore+0x107e1]  _ZN2CA11Transaction6commitEv+0x1db
C  [AppKit+0x4788b1]  __37+[NSDisplayCycle currentDisplayCycle]_block_invoke.31+0x143
C  [CoreFoundation+0xa6d37]  __CFRUNLOOP_IS_CALLING_OUT_TO_AN_OBSERVER_CALLBACK_FUNCTION__+0x17
C  [CoreFoundation+0xa6ca7]  __CFRunLoopDoObservers+0x187
C  [CoreFoundation+0x876d9]  __CFRunLoopRun+0x369
C  [CoreFoundation+0x87114]  CFRunLoopRunSpecific+0x1a4
C  [HIToolbox+0x30ebc]  RunCurrentEventLoopInMode+0xf0
C  [HIToolbox+0x30bf9]  ReceiveNextEventCommon+0xb8
C  [HIToolbox+0x30b26]  _BlockUntilNextEventMatchingListInModeWithFilter+0x47
C  [AppKit+0x46a54]  _DPSNextEvent+0x460
C  [AppKit+0x7c27ee]  -[NSApplication(NSEvent) _nextEventMatchingEventMask:untilDate:inMode:dequeue:]+0xaec
C  [libosxapp.dylib+0x23aa]  -[NSApplicationAWT nextEventMatchingMask:untilDate:inMode:dequeue:]+0x7c
C  [AppKit+0x3b3db]  -[NSApplication run]+0x39e
C  [libosxapp.dylib+0x214d]  +[NSApplicationAWT runAWTLoopWithApp:]+0x9c
C  [libawt_lwawt.dylib+0x444b3]  -[AWTStarter starter:]+0x389
C  [Foundation+0x7152a]  __NSThreadPerformPerform+0x146
C  [CoreFoundation+0xa7321]  __CFRUNLOOP_IS_CALLING_OUT_TO_A_SOURCE0_PERFORM_FUNCTION__+0x11
C  [CoreFoundation+0x8821d]  __CFRunLoopDoSources0+0x22d
C  [CoreFoundation+0x87716]  __CFRunLoopRun+0x3a6
C  [CoreFoundation+0x87114]  CFRunLoopRunSpecific+0x1a4
C  [java+0x6465]  CreateExecutionEnvironment+0x367
C  [java+0x218c]  JLI_Launch+0x7a0
C  [java+0x84c2]  main+0x65
C  [java+0x19e4]  start+0x34
C  0x0000000000000006


---------------  P R O C E S S  ---------------

Java Threads: ( => current thread )
  0x00007ff34387d000 JavaThread "AWT-Shutdown" [_thread_blocked, id=29459, stack(0x000070000a077000,0x000070000a177000)]
=>0x00007ff3428f1000 JavaThread "AppKit Thread" daemon [_thread_in_native, id=775, stack(0x00007fff54ebc000,0x00007fff556bc000)]
  0x00007ff344026000 JavaThread "Service Thread" daemon [_thread_blocked, id=18435, stack(0x0000700009e71000,0x0000700009f71000)]
  0x00007ff34401d800 JavaThread "C1 CompilerThread2" daemon [_thread_blocked, id=17923, stack(0x0000700009d6e000,0x0000700009e6e000)]
  0x00007ff34401c800 JavaThread "C2 CompilerThread1" daemon [_thread_blocked, id=17411, stack(0x0000700009c6b000,0x0000700009d6b000)]
  0x00007ff344017000 JavaThread "C2 CompilerThread0" daemon [_thread_blocked, id=16899, stack(0x0000700009b68000,0x0000700009c68000)]
  0x00007ff344016800 JavaThread "Signal Dispatcher" daemon [_thread_blocked, id=16387, stack(0x0000700009a65000,0x0000700009b65000)]
  0x00007ff344008000 JavaThread "Finalizer" daemon [_thread_blocked, id=12547, stack(0x0000700009962000,0x0000700009a62000)]
  0x00007ff344005000 JavaThread "Reference Handler" daemon [_thread_blocked, id=12035, stack(0x000070000985f000,0x000070000995f000)]
  0x00007ff343802000 JavaThread "main" [_thread_in_native, id=7171, stack(0x000070000924d000,0x000070000934d000)]

Other Threads:
  0x00007ff343060800 VMThread [stack: 0x000070000975c000,0x000070000985c000] [id=11523]
  0x00007ff34402c000 WatcherThread [stack: 0x0000700009f74000,0x000070000a074000] [id=18947]

VM state:not at safepoint (normal execution)

VM Mutex/Monitor currently owned by a thread: None

Heap:
 PSYoungGen      total 37376K, used 21307K [0x0000000795580000, 0x0000000798180000, 0x00000007c0000000)
  eden space 30720K, 67% used [0x0000000795580000,0x00000007969c6fb0,0x0000000797380000)
  from space 6656K, 8% used [0x0000000797400000,0x0000000797488000,0x0000000797a80000)
  to   space 7168K, 0% used [0x0000000797a80000,0x0000000797a80000,0x0000000798180000)
 ParOldGen       total 87552K, used 4350K [0x0000000740000000, 0x0000000745580000, 0x0000000795580000)
  object space 87552K, 4% used [0x0000000740000000,0x000000074043f8e8,0x0000000745580000)
 Metaspace       used 7286K, capacity 7407K, committed 7552K, reserved 1056768K
  class space    used 726K, capacity 794K, committed 896K, reserved 1048576K

Card table byte_map: [0x000000011b47b000,0x000000011b87c000] byte_map_base: 0x0000000117a7b000

Marking Bits: (ParMarkBitMap*) 0x000000010b6edd20
 Begin Bits: [0x000000011bb27000, 0x000000011db27000)
 End Bits:   [0x000000011db27000, 0x000000011fb27000)

Polling page: 0x000000010a5e3000

CodeCache: size=245760Kb used=3635Kb max_used=3646Kb free=242124Kb
 bounds [0x000000010c47b000, 0x000000010c81b000, 0x000000011b47b000]
 total_blobs=1317 nmethods=924 adapters=307
 compilation: enabled

Compilation events (10 events):
Event: 11.267 Thread 0x00007ff34401d800  919       3       java.nio.HeapByteBuffer::putInt (20 bytes)
Event: 11.268 Thread 0x00007ff34401d800 nmethod 919 0x000000010c808e50 code [0x000000010c808fe0, 0x000000010c8093a8]
Event: 11.268 Thread 0x00007ff34401d800  920       3       java.nio.Bits::putInt (20 bytes)
Event: 11.268 Thread 0x00007ff34401d800 nmethod 920 0x000000010c7fbc90 code [0x000000010c7fbe00, 0x000000010c7fbff8]
Event: 11.279 Thread 0x00007ff34401d800  921       3       java.nio.HeapByteBuffer::getInt (18 bytes)
Event: 11.280 Thread 0x00007ff34401d800 nmethod 921 0x000000010c807a90 code [0x000000010c807ca0, 0x000000010c808608]
Event: 11.280 Thread 0x00007ff34401d800  922       3       java.nio.Bits::getInt (18 bytes)
Event: 11.280 Thread 0x00007ff34401d800 nmethod 922 0x000000010c809510 code [0x000000010c809720, 0x000000010c80a0d8]
Event: 12.581 Thread 0x00007ff34401c800  924       4       java.nio.DirectByteBuffer::put (18 bytes)
Event: 12.582 Thread 0x00007ff34401c800 nmethod 924 0x000000010c80d410 code [0x000000010c80d560, 0x000000010c80d618]

GC Heap History (10 events):
Event: 6.926 GC heap before
{Heap before GC invocations=5 (full 0):
 PSYoungGen      total 38400K, used 37936K [0x0000000795580000, 0x0000000798000000, 0x00000007c0000000)
  eden space 33280K, 100% used [0x0000000795580000,0x0000000797600000,0x0000000797600000)
  from space 5120K, 90% used [0x0000000797b00000,0x0000000797f8c010,0x0000000798000000)
  to   space 5120K, 0% used [0x0000000797600000,0x0000000797600000,0x0000000797b00000)
 ParOldGen       total 87552K, used 219K [0x0000000740000000, 0x0000000745580000, 0x0000000795580000)
  object space 87552K, 0% used [0x0000000740000000,0x0000000740036ea8,0x0000000745580000)
 Metaspace       used 7273K, capacity 7407K, committed 7552K, reserved 1056768K
  class space    used 725K, capacity 794K, committed 896K, reserved 1048576K
Event: 6.932 GC heap after
Heap after GC invocations=5 (full 0):
 PSYoungGen      total 37888K, used 4624K [0x0000000795580000, 0x0000000798080000, 0x00000007c0000000)
  eden space 32768K, 0% used [0x0000000795580000,0x0000000795580000,0x0000000797580000)
  from space 5120K, 90% used [0x0000000797600000,0x0000000797a84010,0x0000000797b00000)
  to   space 5632K, 0% used [0x0000000797b00000,0x0000000797b00000,0x0000000798080000)
 ParOldGen       total 87552K, used 227K [0x0000000740000000, 0x0000000745580000, 0x0000000795580000)
  object space 87552K, 0% used [0x0000000740000000,0x0000000740038ea8,0x0000000745580000)
 Metaspace       used 7273K, capacity 7407K, committed 7552K, reserved 1056768K
  class space    used 725K, capacity 794K, committed 896K, reserved 1048576K
}
Event: 8.146 GC heap before
{Heap before GC invocations=6 (full 0):
 PSYoungGen      total 37888K, used 37392K [0x0000000795580000, 0x0000000798080000, 0x00000007c0000000)
  eden space 32768K, 100% used [0x0000000795580000,0x0000000797580000,0x0000000797580000)
  from space 5120K, 90% used [0x0000000797600000,0x0000000797a84010,0x0000000797b00000)
  to   space 5632K, 0% used [0x0000000797b00000,0x0000000797b00000,0x0000000798080000)
 ParOldGen       total 87552K, used 227K [0x0000000740000000, 0x0000000745580000, 0x0000000795580000)
  object space 87552K, 0% used [0x0000000740000000,0x0000000740038ea8,0x0000000745580000)
 Metaspace       used 7273K, capacity 7407K, committed 7552K, reserved 1056768K
  class space    used 725K, capacity 794K, committed 896K, reserved 1048576K
Event: 8.153 GC heap after
Heap after GC invocations=6 (full 0):
 PSYoungGen      total 37376K, used 4672K [0x0000000795580000, 0x0000000798000000, 0x00000007c0000000)
  eden space 32256K, 0% used [0x0000000795580000,0x0000000795580000,0x0000000797500000)
  from space 5120K, 91% used [0x0000000797b00000,0x0000000797f90000,0x0000000798000000)
  to   space 5632K, 0% used [0x0000000797500000,0x0000000797500000,0x0000000797a80000)
 ParOldGen       total 87552K, used 227K [0x0000000740000000, 0x0000000745580000, 0x0000000795580000)
  object space 87552K, 0% used [0x0000000740000000,0x0000000740038ea8,0x0000000745580000)
 Metaspace       used 7273K, capacity 7407K, committed 7552K, reserved 1056768K
  class space    used 725K, capacity 794K, committed 896K, reserved 1048576K
}
Event: 9.365 GC heap before
{Heap before GC invocations=7 (full 0):
 PSYoungGen      total 37376K, used 36928K [0x0000000795580000, 0x0000000798000000, 0x00000007c0000000)
  eden space 32256K, 100% used [0x0000000795580000,0x0000000797500000,0x0000000797500000)
  from space 5120K, 91% used [0x0000000797b00000,0x0000000797f90000,0x0000000798000000)
  to   space 5632K, 0% used [0x0000000797500000,0x0000000797500000,0x0000000797a80000)
 ParOldGen       total 87552K, used 227K [0x0000000740000000, 0x0000000745580000, 0x0000000795580000)
  object space 87552K, 0% used [0x0000000740000000,0x0000000740038ea8,0x0000000745580000)
 Metaspace       used 7273K, capacity 7407K, committed 7552K, reserved 1056768K
  class space    used 725K, capacity 794K, committed 896K, reserved 1048576K
Event: 9.371 GC heap after
Heap after GC invocations=7 (full 0):
 PSYoungGen      total 37376K, used 640K [0x0000000795580000, 0x0000000798080000, 0x00000007c0000000)
  eden space 31744K, 0% used [0x0000000795580000,0x0000000795580000,0x0000000797480000)
  from space 5632K, 11% used [0x0000000797500000,0x00000007975a0000,0x0000000797a80000)
  to   space 6144K, 0% used [0x0000000797a80000,0x0000000797a80000,0x0000000798080000)
 ParOldGen       total 87552K, used 4334K [0x0000000740000000, 0x0000000745580000, 0x0000000795580000)
  object space 87552K, 4% used [0x0000000740000000,0x000000074043b8e8,0x0000000745580000)
 Metaspace       used 7273K, capacity 7407K, committed 7552K, reserved 1056768K
  class space    used 725K, capacity 794K, committed 896K, reserved 1048576K
}
Event: 10.635 GC heap before
{Heap before GC invocations=8 (full 0):
 PSYoungGen      total 37376K, used 32384K [0x0000000795580000, 0x0000000798080000, 0x00000007c0000000)
  eden space 31744K, 100% used [0x0000000795580000,0x0000000797480000,0x0000000797480000)
  from space 5632K, 11% used [0x0000000797500000,0x00000007975a0000,0x0000000797a80000)
  to   space 6144K, 0% used [0x0000000797a80000,0x0000000797a80000,0x0000000798080000)
 ParOldGen       total 87552K, used 4334K [0x0000000740000000, 0x0000000745580000, 0x0000000795580000)
  object space 87552K, 4% used [0x0000000740000000,0x000000074043b8e8,0x0000000745580000)
 Metaspace       used 7274K, capacity 7407K, committed 7552K, reserved 1056768K
  class space    used 725K, capacity 794K, committed 896K, reserved 1048576K
Event: 10.637 GC heap after
Heap after GC invocations=8 (full 0):
 PSYoungGen      total 37376K, used 576K [0x0000000795580000, 0x0000000798100000, 0x00000007c0000000)
  eden space 31232K, 0% used [0x0000000795580000,0x0000000795580000,0x0000000797400000)
  from space 6144K, 9% used [0x0000000797a80000,0x0000000797b10000,0x0000000798080000)
  to   space 6656K, 0% used [0x0000000797400000,0x0000000797400000,0x0000000797a80000)
 ParOldGen       total 87552K, used 4350K [0x0000000740000000, 0x0000000745580000, 0x0000000795580000)
  object space 87552K, 4% used [0x0000000740000000,0x000000074043f8e8,0x0000000745580000)
 Metaspace       used 7274K, capacity 7407K, committed 7552K, reserved 1056768K
  class space    used 725K, capacity 794K, committed 896K, reserved 1048576K
}
Event: 11.812 GC heap before
{Heap before GC invocations=9 (full 0):
 PSYoungGen      total 37376K, used 31808K [0x0000000795580000, 0x0000000798100000, 0x00000007c0000000)
  eden space 31232K, 100% used [0x0000000795580000,0x0000000797400000,0x0000000797400000)
  from space 6144K, 9% used [0x0000000797a80000,0x0000000797b10000,0x0000000798080000)
  to   space 6656K, 0% used [0x0000000797400000,0x0000000797400000,0x0000000797a80000)
 ParOldGen       total 87552K, used 4350K [0x0000000740000000, 0x0000000745580000, 0x0000000795580000)
  object space 87552K, 4% used [0x0000000740000000,0x000000074043f8e8,0x0000000745580000)
 Metaspace       used 7280K, capacity 7407K, committed 7552K, reserved 1056768K
  class space    used 725K, capacity 794K, committed 896K, reserved 1048576K
Event: 11.814 GC heap after
Heap after GC invocations=9 (full 0):
 PSYoungGen      total 37376K, used 544K [0x0000000795580000, 0x0000000798180000, 0x00000007c0000000)
  eden space 30720K, 0% used [0x0000000795580000,0x0000000795580000,0x0000000797380000)
  from space 6656K, 8% used [0x0000000797400000,0x0000000797488000,0x0000000797a80000)
  to   space 7168K, 0% used [0x0000000797a80000,0x0000000797a80000,0x0000000798180000)
 ParOldGen       total 87552K, used 4350K [0x0000000740000000, 0x0000000745580000, 0x0000000795580000)
  object space 87552K, 4% used [0x0000000740000000,0x000000074043f8e8,0x0000000745580000)
 Metaspace       used 7280K, capacity 7407K, committed 7552K, reserved 1056768K
  class space    used 725K, capacity 794K, committed 896K, reserved 1048576K
}

Deoptimization events (3 events):
Event: 0.166 Thread 0x00007ff343802000 Uncommon trap: reason=unstable_if action=reinterpret pc=0x000000010c5b9000 method=java.lang.String.indexOf(II)I @ 49
Event: 0.445 Thread 0x00007ff343802000 Uncommon trap: reason=unstable_if action=reinterpret pc=0x000000010c60b69c method=java.lang.String.replace(CC)Ljava/lang/String; @ 26
Event: 12.579 Thread 0x00007ff343802000 Uncommon trap: reason=unstable_if action=reinterpret pc=0x000000010c796358 method=sun.misc.URLClassPath$FileLoader.getResource(Ljava/lang/String;Z)Lsun/misc/Resource; @ 50

Internal exceptions (10 events):
Event: 0.027 Thread 0x00007ff343802000 Exception <a 'java/lang/NoSuchMethodError': Method sun.misc.Unsafe.defineClass(Ljava/lang/String;[BII)Ljava/lang/Class; name or signature does not match> (0x0000000795587cc0) thrown at [/HUDSON3/workspace/8-2-build-macosx-x86_64/jdk8u101/7261/hotspot/src/
Event: 0.027 Thread 0x00007ff343802000 Exception <a 'java/lang/NoSuchMethodError': Method sun.misc.Unsafe.prefetchRead(Ljava/lang/Object;J)V name or signature does not match> (0x0000000795587fa8) thrown at [/HUDSON3/workspace/8-2-build-macosx-x86_64/jdk8u101/7261/hotspot/src/share/vm/prims/jni
Event: 0.151 Thread 0x00007ff343802000 Exception <a 'java/security/PrivilegedActionException'> (0x00000007957ae8f8) thrown at [/HUDSON3/workspace/8-2-build-macosx-x86_64/jdk8u101/7261/hotspot/src/share/vm/prims/jvm.cpp, line 1386]
Event: 0.151 Thread 0x00007ff343802000 Exception <a 'java/security/PrivilegedActionException'> (0x00000007957aeb08) thrown at [/HUDSON3/workspace/8-2-build-macosx-x86_64/jdk8u101/7261/hotspot/src/share/vm/prims/jvm.cpp, line 1386]
Event: 0.151 Thread 0x00007ff343802000 Exception <a 'java/security/PrivilegedActionException'> (0x00000007957b1ff8) thrown at [/HUDSON3/workspace/8-2-build-macosx-x86_64/jdk8u101/7261/hotspot/src/share/vm/prims/jvm.cpp, line 1386]
Event: 0.151 Thread 0x00007ff343802000 Exception <a 'java/security/PrivilegedActionException'> (0x00000007957b2208) thrown at [/HUDSON3/workspace/8-2-build-macosx-x86_64/jdk8u101/7261/hotspot/src/share/vm/prims/jvm.cpp, line 1386]
Event: 0.205 Thread 0x00007ff343802000 Exception <a 'java/lang/NoSuchFieldError': method resolution failed> (0x0000000795887630) thrown at [/HUDSON3/workspace/8-2-build-macosx-x86_64/jdk8u101/7261/hotspot/src/share/vm/prims/methodHandles.cpp, line 1146]
Event: 0.208 Thread 0x00007ff343802000 Exception <a 'java/lang/NoSuchFieldError': method resolution failed> (0x0000000795894d80) thrown at [/HUDSON3/workspace/8-2-build-macosx-x86_64/jdk8u101/7261/hotspot/src/share/vm/prims/methodHandles.cpp, line 1146]
Event: 0.423 Thread 0x00007ff343802000 Exception <a 'java/io/FileNotFoundException'> (0x000000079590f808) thrown at [/HUDSON3/workspace/8-2-build-macosx-x86_64/jdk8u101/7261/hotspot/src/share/vm/prims/jni.cpp, line 709]
Event: 0.423 Thread 0x00007ff343802000 Exception <a 'java/io/FileNotFoundException'> (0x0000000795910390) thrown at [/HUDSON3/workspace/8-2-build-macosx-x86_64/jdk8u101/7261/hotspot/src/share/vm/prims/jni.cpp, line 709]

Events (10 events):
Event: 11.814 Executing VM operation: ParallelGCFailedAllocation done
Event: 12.336 Executing VM operation: RevokeBias
Event: 12.337 Executing VM operation: RevokeBias done
Event: 12.337 Thread 0x00007ff34283f800 Thread exited: 0x00007ff34283f800
Event: 12.478 Thread 0x00007ff34387d000 Thread added: 0x00007ff34387d000
Event: 12.579 loading class org/lwjgl/opengl/CallbackUtil
Event: 12.579 loading class org/lwjgl/opengl/CallbackUtil done
Event: 12.579 Thread 0x00007ff343802000 Uncommon trap: trap_request=0xffffff65 fr.pc=0x000000010c796358
Event: 12.579 Thread 0x00007ff343802000 DEOPT PACKING pc=0x000000010c796358 sp=0x000070000934a450
Event: 12.579 Thread 0x00007ff343802000 DEOPT UNPACKING pc=0x000000010c480229 sp=0x000070000934a3d8 mode 2


Dynamic libraries:
0x000000003349c000 	/System/Library/Frameworks/Cocoa.framework/Versions/A/Cocoa
0x000000003349c000 	/System/Library/Frameworks/Security.framework/Versions/A/Security
0x000000003349c000 	/System/Library/Frameworks/ApplicationServices.framework/Versions/A/ApplicationServices
0x000000003349c000 	/usr/lib/libz.1.dylib
0x000000003349c000 	/usr/lib/libSystem.B.dylib
0x000000003349c000 	/usr/lib/libobjc.A.dylib
0x000000003349c000 	/System/Library/Frameworks/CoreFoundation.framework/Versions/A/CoreFoundation
0x000000003349c000 	/System/Library/Frameworks/Foundation.framework/Versions/C/Foundation
0x000000003349c000 	/System/Library/Frameworks/AppKit.framework/Versions/C/AppKit
0x000000003349c000 	/System/Library/Frameworks/CoreData.framework/Versions/A/CoreData
0x000000003349c000 	/System/Library/PrivateFrameworks/RemoteViewServices.framework/Versions/A/RemoteViewServices
0x000000003349c000 	/System/Library/PrivateFrameworks/UIFoundation.framework/Versions/A/UIFoundation
0x000000003349c000 	/System/Library/PrivateFrameworks/DFRFoundation.framework/Versions/A/DFRFoundation
0x000000003349c000 	/usr/lib/libenergytrace.dylib
0x000000003349c000 	/System/Library/PrivateFrameworks/SkyLight.framework/Versions/A/SkyLight
0x000000003349c000 	/System/Library/Frameworks/CoreGraphics.framework/Versions/A/CoreGraphics
0x000000003349c000 	/usr/lib/libScreenReader.dylib
0x000000003349c000 	/System/Library/Frameworks/Accelerate.framework/Versions/A/Accelerate
0x000000003349c000 	/System/Library/Frameworks/IOSurface.framework/Versions/A/IOSurface
0x000000003349c000 	/System/Library/Frameworks/AudioToolbox.framework/Versions/A/AudioToolbox
0x000000003349c000 	/System/Library/Frameworks/AudioUnit.framework/Versions/A/AudioUnit
0x000000003349c000 	/System/Library/PrivateFrameworks/DataDetectorsCore.framework/Versions/A/DataDetectorsCore
0x000000003349c000 	/System/Library/PrivateFrameworks/DesktopServicesPriv.framework/Versions/A/DesktopServicesPriv
0x000000003349c000 	/System/Library/Frameworks/Carbon.framework/Versions/A/Frameworks/HIToolbox.framework/Versions/A/HIToolbox
0x000000003349c000 	/usr/lib/libicucore.A.dylib
0x000000003349c000 	/System/Library/Frameworks/QuartzCore.framework/Versions/A/QuartzCore
0x000000003349c000 	/System/Library/Frameworks/Carbon.framework/Versions/A/Frameworks/SpeechRecognition.framework/Versions/A/SpeechRecognition
0x000000003349c000 	/usr/lib/libauto.dylib
0x000000003349c000 	/usr/lib/libxml2.2.dylib
0x000000003349c000 	/System/Library/PrivateFrameworks/CoreUI.framework/Versions/A/CoreUI
0x000000003349c000 	/System/Library/Frameworks/CoreAudio.framework/Versions/A/CoreAudio
0x000000003349c000 	/System/Library/Frameworks/DiskArbitration.framework/Versions/A/DiskArbitration
0x000000003349c000 	/usr/lib/liblangid.dylib
0x000000003349c000 	/System/Library/PrivateFrameworks/MultitouchSupport.framework/Versions/A/MultitouchSupport
0x000000003349c000 	/System/Library/Frameworks/IOKit.framework/Versions/A/IOKit
0x000000003349c000 	/usr/lib/libDiagnosticMessagesClient.dylib
0x000000003349c000 	/System/Library/Frameworks/CoreServices.framework/Versions/A/CoreServices
0x000000003349c000 	/System/Library/PrivateFrameworks/PerformanceAnalysis.framework/Versions/A/PerformanceAnalysis
0x000000003349c000 	/System/Library/PrivateFrameworks/GenerationalStorage.framework/Versions/A/GenerationalStorage
0x000000003349c000 	/System/Library/Frameworks/OpenGL.framework/Versions/A/OpenGL
0x000000003349c000 	/System/Library/Frameworks/CoreImage.framework/Versions/A/CoreImage
0x000000003349c000 	/System/Library/Frameworks/CoreText.framework/Versions/A/CoreText
0x000000003349c000 	/System/Library/Frameworks/ImageIO.framework/Versions/A/ImageIO
0x000000003349c000 	/System/Library/PrivateFrameworks/Backup.framework/Versions/A/Backup
0x000000003349c000 	/usr/lib/libarchive.2.dylib
0x000000003349c000 	/System/Library/Frameworks/CFNetwork.framework/Versions/A/CFNetwork
0x000000003349c000 	/System/Library/Frameworks/SystemConfiguration.framework/Versions/A/SystemConfiguration
0x000000003349c000 	/usr/lib/libCRFSuite.dylib
0x000000003349c000 	/usr/lib/libc++.1.dylib
0x000000003349c000 	/usr/lib/libc++abi.dylib
0x000000003349c000 	/usr/lib/system/libcache.dylib
0x000000003349c000 	/usr/lib/system/libcommonCrypto.dylib
0x000000003349c000 	/usr/lib/system/libcompiler_rt.dylib
0x000000003349c000 	/usr/lib/system/libcopyfile.dylib
0x000000003349c000 	/usr/lib/system/libcorecrypto.dylib
0x000000003349c000 	/usr/lib/system/libdispatch.dylib
0x000000003349c000 	/usr/lib/system/libdyld.dylib
0x000000003349c000 	/usr/lib/system/libkeymgr.dylib
0x000000003349c000 	/usr/lib/system/liblaunch.dylib
0x000000003349c000 	/usr/lib/system/libmacho.dylib
0x000000003349c000 	/usr/lib/system/libquarantine.dylib
0x000000003349c000 	/usr/lib/system/libremovefile.dylib
0x000000003349c000 	/usr/lib/system/libsystem_asl.dylib
0x000000003349c000 	/usr/lib/system/libsystem_blocks.dylib
0x000000003349c000 	/usr/lib/system/libsystem_c.dylib
0x000000003349c000 	/usr/lib/system/libsystem_configuration.dylib
0x000000003349c000 	/usr/lib/system/libsystem_coreservices.dylib
0x000000003349c000 	/usr/lib/system/libsystem_coretls.dylib
0x000000003349c000 	/usr/lib/system/libsystem_dnssd.dylib
0x000000003349c000 	/usr/lib/system/libsystem_info.dylib
0x000000003349c000 	/usr/lib/system/libsystem_kernel.dylib
0x000000003349c000 	/usr/lib/system/libsystem_m.dylib
0x000000003349c000 	/usr/lib/system/libsystem_malloc.dylib
0x000000003349c000 	/usr/lib/system/libsystem_network.dylib
0x000000003349c000 	/usr/lib/system/libsystem_networkextension.dylib
0x000000003349c000 	/usr/lib/system/libsystem_notify.dylib
0x000000003349c000 	/usr/lib/system/libsystem_platform.dylib
0x000000003349c000 	/usr/lib/system/libsystem_pthread.dylib
0x000000003349c000 	/usr/lib/system/libsystem_sandbox.dylib
0x000000003349c000 	/usr/lib/system/libsystem_secinit.dylib
0x000000003349c000 	/usr/lib/system/libsystem_symptoms.dylib
0x000000003349c000 	/usr/lib/system/libsystem_trace.dylib
0x000000003349c000 	/usr/lib/system/libunwind.dylib
0x000000003349c000 	/usr/lib/system/libxpc.dylib
0x000000003349c000 	/usr/lib/libbsm.0.dylib
0x000000003349c000 	/usr/lib/system/libkxld.dylib
0x000000003349c000 	/usr/lib/libcoretls.dylib
0x000000003349c000 	/usr/lib/libcoretls_cfhelpers.dylib
0x000000003349c000 	/usr/lib/libOpenScriptingUtil.dylib
0x000000003349c000 	/usr/lib/libpam.2.dylib
0x000000003349c000 	/usr/lib/libsqlite3.dylib
0x000000003349c000 	/usr/lib/libxar.1.dylib
0x000000003349c000 	/usr/lib/libbz2.1.0.dylib
0x000000003349c000 	/usr/lib/liblzma.5.dylib
0x000000003349c000 	/usr/lib/libnetwork.dylib
0x000000003349c000 	/usr/lib/libpcap.A.dylib
0x000000003349c000 	/System/Library/Frameworks/CoreServices.framework/Versions/A/Frameworks/FSEvents.framework/Versions/A/FSEvents
0x000000003349c000 	/System/Library/Frameworks/CoreServices.framework/Versions/A/Frameworks/CarbonCore.framework/Versions/A/CarbonCore
0x000000003349c000 	/System/Library/Frameworks/CoreServices.framework/Versions/A/Frameworks/Metadata.framework/Versions/A/Metadata
0x000000003349c000 	/System/Library/Frameworks/CoreServices.framework/Versions/A/Frameworks/OSServices.framework/Versions/A/OSServices
0x000000003349c000 	/System/Library/Frameworks/CoreServices.framework/Versions/A/Frameworks/SearchKit.framework/Versions/A/SearchKit
0x000000003349c000 	/System/Library/Frameworks/CoreServices.framework/Versions/A/Frameworks/AE.framework/Versions/A/AE
0x000000003349c000 	/System/Library/Frameworks/CoreServices.framework/Versions/A/Frameworks/LaunchServices.framework/Versions/A/LaunchServices
0x000000003349c000 	/System/Library/Frameworks/CoreServices.framework/Versions/A/Frameworks/DictionaryServices.framework/Versions/A/DictionaryServices
0x000000003349c000 	/System/Library/Frameworks/CoreServices.framework/Versions/A/Frameworks/SharedFileList.framework/Versions/A/SharedFileList
0x000000003349c000 	/System/Library/Frameworks/NetFS.framework/Versions/A/NetFS
0x000000003349c000 	/System/Library/PrivateFrameworks/NetAuth.framework/Versions/A/NetAuth
0x000000003349c000 	/System/Library/PrivateFrameworks/login.framework/Versions/A/Frameworks/loginsupport.framework/Versions/A/loginsupport
0x000000003349c000 	/System/Library/PrivateFrameworks/TCC.framework/Versions/A/TCC
0x000000003349c000 	/usr/lib/libmecabra.dylib
0x000000003349c000 	/System/Library/Frameworks/ApplicationServices.framework/Versions/A/Frameworks/ATS.framework/Versions/A/ATS
0x000000003349c000 	/System/Library/Frameworks/ApplicationServices.framework/Versions/A/Frameworks/ColorSync.framework/Versions/A/ColorSync
0x000000003349c000 	/System/Library/Frameworks/ApplicationServices.framework/Versions/A/Frameworks/HIServices.framework/Versions/A/HIServices
0x000000003349c000 	/System/Library/Frameworks/ApplicationServices.framework/Versions/A/Frameworks/LangAnalysis.framework/Versions/A/LangAnalysis
0x000000003349c000 	/System/Library/Frameworks/ApplicationServices.framework/Versions/A/Frameworks/PrintCore.framework/Versions/A/PrintCore
0x000000003349c000 	/System/Library/Frameworks/ApplicationServices.framework/Versions/A/Frameworks/QD.framework/Versions/A/QD
0x000000003349c000 	/System/Library/Frameworks/ApplicationServices.framework/Versions/A/Frameworks/SpeechSynthesis.framework/Versions/A/SpeechSynthesis
0x000000003349c000 	/System/Library/Frameworks/Accelerate.framework/Versions/A/Frameworks/vImage.framework/Versions/A/vImage
0x000000003349c000 	/System/Library/Frameworks/Accelerate.framework/Versions/A/Frameworks/vecLib.framework/Versions/A/vecLib
0x000000003349c000 	/System/Library/Frameworks/Accelerate.framework/Versions/A/Frameworks/vecLib.framework/Versions/A/libvDSP.dylib
0x000000003349c000 	/System/Library/Frameworks/Accelerate.framework/Versions/A/Frameworks/vecLib.framework/Versions/A/libBNNS.dylib
0x000000003349c000 	/System/Library/Frameworks/Accelerate.framework/Versions/A/Frameworks/vecLib.framework/Versions/A/libQuadrature.dylib
0x000000003349c000 	/System/Library/Frameworks/Accelerate.framework/Versions/A/Frameworks/vecLib.framework/Versions/A/libvMisc.dylib
0x000000003349c000 	/System/Library/Frameworks/Accelerate.framework/Versions/A/Frameworks/vecLib.framework/Versions/A/libLAPACK.dylib
0x000000003349c000 	/System/Library/Frameworks/Accelerate.framework/Versions/A/Frameworks/vecLib.framework/Versions/A/libBLAS.dylib
0x000000003349c000 	/System/Library/Frameworks/Accelerate.framework/Versions/A/Frameworks/vecLib.framework/Versions/A/libLinearAlgebra.dylib
0x000000003349c000 	/System/Library/Frameworks/Accelerate.framework/Versions/A/Frameworks/vecLib.framework/Versions/A/libSparseBLAS.dylib
0x000000003349c000 	/System/Library/Frameworks/ApplicationServices.framework/Versions/A/Frameworks/ATS.framework/Versions/A/Resources/libFontParser.dylib
0x000000003349c000 	/System/Library/Frameworks/ApplicationServices.framework/Versions/A/Frameworks/ATS.framework/Versions/A/Resources/libFontRegistry.dylib
0x000000003349c000 	/System/Library/Frameworks/ImageIO.framework/Versions/A/Resources/libJPEG.dylib
0x000000003349c000 	/System/Library/Frameworks/ImageIO.framework/Versions/A/Resources/libTIFF.dylib
0x000000003349c000 	/System/Library/Frameworks/ImageIO.framework/Versions/A/Resources/libPng.dylib
0x000000003349c000 	/System/Library/Frameworks/ImageIO.framework/Versions/A/Resources/libGIF.dylib
0x000000003349c000 	/System/Library/Frameworks/ImageIO.framework/Versions/A/Resources/libJP2.dylib
0x000000003349c000 	/System/Library/Frameworks/ImageIO.framework/Versions/A/Resources/libRadiance.dylib
0x000000003349c000 	/usr/lib/libcompression.dylib
0x000000003349c000 	/System/Library/PrivateFrameworks/AppleJPEG.framework/Versions/A/AppleJPEG
0x000000003349c000 	/usr/lib/libcups.2.dylib
0x000000003349c000 	/System/Library/Frameworks/Kerberos.framework/Versions/A/Kerberos
0x000000003349c000 	/System/Library/Frameworks/GSS.framework/Versions/A/GSS
0x000000003349c000 	/usr/lib/libresolv.9.dylib
0x000000003349c000 	/usr/lib/libiconv.2.dylib
0x000000003349c000 	/System/Library/PrivateFrameworks/Heimdal.framework/Versions/A/Heimdal
0x000000003349c000 	/usr/lib/libheimdal-asn1.dylib
0x000000003349c000 	/System/Library/Frameworks/OpenDirectory.framework/Versions/A/OpenDirectory
0x000000003349c000 	/System/Library/PrivateFrameworks/CommonAuth.framework/Versions/A/CommonAuth
0x000000003349c000 	/System/Library/Frameworks/OpenDirectory.framework/Versions/A/Frameworks/CFOpenDirectory.framework/Versions/A/CFOpenDirectory
0x000000003349c000 	/System/Library/Frameworks/SecurityFoundation.framework/Versions/A/SecurityFoundation
0x000000003349c000 	/System/Library/PrivateFrameworks/LanguageModeling.framework/Versions/A/LanguageModeling
0x000000003349c000 	/usr/lib/libmarisa.dylib
0x000000003349c000 	/usr/lib/libChineseTokenizer.dylib
0x000000003349c000 	/usr/lib/libcmph.dylib
0x000000003349c000 	/System/Library/PrivateFrameworks/CoreEmoji.framework/Versions/A/CoreEmoji
0x000000003349c000 	/System/Library/Frameworks/ServiceManagement.framework/Versions/A/ServiceManagement
0x000000003349c000 	/usr/lib/libxslt.1.dylib
0x000000003349c000 	/System/Library/Frameworks/Carbon.framework/Versions/A/Frameworks/Ink.framework/Versions/A/Ink
0x000000003349c000 	/System/Library/PrivateFrameworks/TextureIO.framework/Versions/A/TextureIO
0x000000003349c000 	/System/Library/Frameworks/Metal.framework/Versions/A/Metal
0x000000003349c000 	/usr/lib/libate.dylib
0x000000003349c000 	/System/Library/PrivateFrameworks/GPUCompiler.framework/libmetal_timestamp.dylib
0x000000003349c000 	/System/Library/Frameworks/OpenGL.framework/Versions/A/Libraries/libCoreFSCache.dylib
0x000000003349c000 	/System/Library/PrivateFrameworks/IOAccelerator.framework/Versions/A/IOAccelerator
0x000000003349c000 	/System/Library/Frameworks/CoreVideo.framework/Versions/A/CoreVideo
0x000000003349c000 	/usr/lib/libFosl_dynamic.dylib
0x000000003349c000 	/System/Library/PrivateFrameworks/MetalPerformanceShaders.framework/Versions/A/MetalPerformanceShaders
0x000000003349c000 	/System/Library/PrivateFrameworks/FaceCore.framework/Versions/A/FaceCore
0x000000003349c000 	/System/Library/Frameworks/OpenCL.framework/Versions/A/OpenCL
0x000000003349c000 	/System/Library/Frameworks/OpenGL.framework/Versions/A/Libraries/libGLU.dylib
0x000000003349c000 	/System/Library/Frameworks/OpenGL.framework/Versions/A/Libraries/libGFXShared.dylib
0x000000003349c000 	/System/Library/Frameworks/OpenGL.framework/Versions/A/Libraries/libGL.dylib
0x000000003349c000 	/System/Library/Frameworks/OpenGL.framework/Versions/A/Libraries/libGLImage.dylib
0x000000003349c000 	/System/Library/Frameworks/OpenGL.framework/Versions/A/Libraries/libCVMSPluginSupport.dylib
0x000000003349c000 	/System/Library/Frameworks/OpenGL.framework/Versions/A/Libraries/libCoreVMClient.dylib
0x000000003349c000 	/System/Library/PrivateFrameworks/CrashReporterSupport.framework/Versions/A/CrashReporterSupport
0x000000003349c000 	/System/Library/PrivateFrameworks/Sharing.framework/Versions/A/Sharing
0x000000003349c000 	/System/Library/PrivateFrameworks/IconServices.framework/Versions/A/IconServices
0x000000003349c000 	/System/Library/PrivateFrameworks/ProtocolBuffer.framework/Versions/A/ProtocolBuffer
0x000000003349c000 	/System/Library/PrivateFrameworks/Apple80211.framework/Versions/A/Apple80211
0x000000003349c000 	/System/Library/Frameworks/CoreWLAN.framework/Versions/A/CoreWLAN
0x000000003349c000 	/System/Library/PrivateFrameworks/CoreUtils.framework/Versions/A/CoreUtils
0x000000003349c000 	/System/Library/Frameworks/IOBluetooth.framework/Versions/A/IOBluetooth
0x000000003349c000 	/System/Library/PrivateFrameworks/CoreWiFi.framework/Versions/A/CoreWiFi
0x000000003349c000 	/System/Library/Frameworks/CoreBluetooth.framework/Versions/A/CoreBluetooth
0x000000003349c000 	/System/Library/Frameworks/CoreDisplay.framework/Versions/A/CoreDisplay
0x000000003349c000 	/System/Library/PrivateFrameworks/IOPresentment.framework/Versions/A/IOPresentment
0x000000003349c000 	/System/Library/PrivateFrameworks/DSExternalDisplay.framework/Versions/A/DSExternalDisplay
0x000000003349c000 	/System/Library/PrivateFrameworks/DebugSymbols.framework/Versions/A/DebugSymbols
0x000000003349c000 	/System/Library/PrivateFrameworks/CoreSymbolication.framework/Versions/A/CoreSymbolication
0x000000003349c000 	/System/Library/PrivateFrameworks/Symbolication.framework/Versions/A/Symbolication
0x000000003349c000 	/System/Library/PrivateFrameworks/AppleFSCompression.framework/Versions/A/AppleFSCompression
0x000000003349c000 	/System/Library/PrivateFrameworks/SpeechRecognitionCore.framework/Versions/A/SpeechRecognitionCore
0x000000003349c000 	/System/Library/PrivateFrameworks/ChunkingLibrary.framework/Versions/A/ChunkingLibrary
0x000000010a591000 	/System/Library/CoreServices/Encodings/libSimplifiedChineseConverter.dylib
0x000000010ae00000 	/Library/Java/JavaVirtualMachines/jdk1.8.0_101.jdk/Contents/Home/jre/lib/server/libjvm.dylib
0x000000003349c000 	/usr/lib/libstdc++.6.dylib
0x000000010a5d5000 	/Library/Java/JavaVirtualMachines/jdk1.8.0_101.jdk/Contents/Home/jre/lib/libverify.dylib
0x000000010bd9d000 	/Library/Java/JavaVirtualMachines/jdk1.8.0_101.jdk/Contents/Home/jre/lib/libjava.dylib
0x000000010a5ed000 	/Library/Java/JavaVirtualMachines/jdk1.8.0_101.jdk/Contents/Home/jre/lib/libzip.dylib
0x000000010c3a4000 	/System/Library/Frameworks/JavaVM.framework/Frameworks/JavaRuntimeSupport.framework/JavaRuntimeSupport
0x000000010c3be000 	/System/Library/Frameworks/JavaVM.framework/Versions/A/Frameworks/JavaNativeFoundation.framework/Versions/A/JavaNativeFoundation
0x000000010c3d3000 	/System/Library/Frameworks/JavaVM.framework/Versions/A/JavaVM
0x000000003349c000 	/System/Library/Frameworks/Carbon.framework/Versions/A/Carbon
0x000000010c3e0000 	/System/Library/PrivateFrameworks/JavaLaunching.framework/Versions/A/JavaLaunching
0x000000003349c000 	/System/Library/Frameworks/Carbon.framework/Versions/A/Frameworks/CommonPanels.framework/Versions/A/CommonPanels
0x000000003349c000 	/System/Library/Frameworks/Carbon.framework/Versions/A/Frameworks/Help.framework/Versions/A/Help
0x000000003349c000 	/System/Library/Frameworks/Carbon.framework/Versions/A/Frameworks/ImageCapture.framework/Versions/A/ImageCapture
0x000000003349c000 	/System/Library/Frameworks/Carbon.framework/Versions/A/Frameworks/OpenScripting.framework/Versions/A/OpenScripting
0x000000003349c000 	/System/Library/Frameworks/Carbon.framework/Versions/A/Frameworks/Print.framework/Versions/A/Print
0x000000003349c000 	/System/Library/Frameworks/Carbon.framework/Versions/A/Frameworks/SecurityHI.framework/Versions/A/SecurityHI
0x0000000123128000 	/Library/Java/JavaVirtualMachines/jdk1.8.0_101.jdk/Contents/Home/jre/lib/libawt.dylib
0x00000001231d0000 	/Library/Java/JavaVirtualMachines/jdk1.8.0_101.jdk/Contents/Home/jre/lib/./libmlib_image.dylib
0x000000012329c000 	/Library/Java/JavaVirtualMachines/jdk1.8.0_101.jdk/Contents/Home/jre/lib/libawt_lwawt.dylib
0x0000000123351000 	/Library/Java/JavaVirtualMachines/jdk1.8.0_101.jdk/Contents/Home/jre/lib/./libosxapp.dylib
0x000000003349c000 	/System/Library/Frameworks/ExceptionHandling.framework/Versions/A/ExceptionHandling
0x000000003349c000 	/System/Library/PrivateFrameworks/CoreServicesInternal.framework/Versions/A/CoreServicesInternal
0x000000003349c000 	/System/Library/CoreServices/RawCamera.bundle/Contents/MacOS/RawCamera
0x000000003349c000 	/System/Library/Frameworks/Accelerate.framework/Versions/A/Frameworks/vImage.framework/Versions/A/Libraries/libCGInterfaces.dylib
0x000000003349c000 	/System/Library/Frameworks/ApplicationServices.framework/Versions/A/Frameworks/ATS.framework/Versions/A/Resources/libTrueTypeScaler.dylib
0x0000000125108000 	/System/Library/Frameworks/OpenGL.framework/Resources/GLEngine.bundle/GLEngine
0x000000003349c000 	/System/Library/Frameworks/OpenGL.framework/Versions/A/Libraries/libGLProgrammability.dylib
0x00000001252ed000 	/System/Library/Extensions/AppleIntelBDWGraphicsGLDriver.bundle/Contents/MacOS/AppleIntelBDWGraphicsGLDriver
0x000000003349c000 	/System/Library/PrivateFrameworks/GPUSupport.framework/Versions/A/Libraries/libGPUSupportMercury.dylib
0x0000000125a57000 	/System/Library/Frameworks/OpenGL.framework/Resources//GLRendererFloat.bundle/GLRendererFloat
0x000000003349c000 	/System/Library/Frameworks/OpenCL.framework/Versions/A/Libraries/libcldcpuengine.dylib
0x000000003349c000 	/usr/lib/libcrypto.0.9.8.dylib
0x000000003349c000 	/System/Library/PrivateFrameworks/TrustEvaluationAgent.framework/Versions/A/TrustEvaluationAgent
0x0000000125a8b000 	/System/Library/Extensions/AppleIntelBDWGraphicsMTLDriver.bundle/Contents/MacOS/AppleIntelBDWGraphicsMTLDriver
0x000000003349c000 	/System/Library/PrivateFrameworks/FamilyControls.framework/Versions/A/FamilyControls
0x000000003349c000 	/System/Library/PrivateFrameworks/CommerceKit.framework/Versions/A/Frameworks/CommerceCore.framework/Versions/A/CommerceCore
0x000000003349c000 	/System/Library/PrivateFrameworks/SystemAdministration.framework/Versions/A/SystemAdministration
0x000000003349c000 	/System/Library/PrivateFrameworks/AppContainer.framework/Versions/A/AppContainer
0x000000003349c000 	/System/Library/PrivateFrameworks/SecCodeWrapper.framework/Versions/A/SecCodeWrapper
0x000000003349c000 	/System/Library/Frameworks/DirectoryService.framework/Versions/A/DirectoryService
0x000000003349c000 	/System/Library/PrivateFrameworks/DiskImages.framework/Versions/A/DiskImages
0x000000003349c000 	/System/Library/PrivateFrameworks/LoginUIKit.framework/Versions/A/Frameworks/LoginUICore.framework/Versions/A/LoginUICore
0x000000003349c000 	/usr/lib/libCoreStorage.dylib
0x000000003349c000 	/usr/lib/libcsfde.dylib
0x000000003349c000 	/usr/lib/libodfde.dylib
0x000000003349c000 	/System/Library/Frameworks/DiscRecording.framework/Versions/A/DiscRecording
0x000000003349c000 	/usr/lib/libcurl.4.dylib
0x000000003349c000 	/System/Library/PrivateFrameworks/MediaKit.framework/Versions/A/MediaKit
0x000000003349c000 	/System/Library/PrivateFrameworks/ProtectedCloudStorage.framework/Versions/A/ProtectedCloudStorage
0x000000003349c000 	/System/Library/PrivateFrameworks/EFILogin.framework/Versions/A/EFILogin
0x000000003349c000 	/usr/lib/libutil.dylib
0x000000003349c000 	/System/Library/Frameworks/LDAP.framework/Versions/A/LDAP
0x000000003349c000 	/usr/lib/libsasl2.2.dylib
0x000000003349c000 	/System/Library/PrivateFrameworks/CoreDaemon.framework/Versions/B/CoreDaemon
0x000000003349c000 	/System/Library/PrivateFrameworks/AppleSRP.framework/Versions/A/AppleSRP
0x000000003349c000 	/System/Library/PrivateFrameworks/APFS.framework/Versions/A/APFS
0x0000000127231000 	/Library/Java/JavaVirtualMachines/jdk1.8.0_101.jdk/Contents/Home/jre/lib/libfontmanager.dylib
0x0000000127298000 	/Users/LiuShijie/eclipse-workspace/SlickGameProject/lib/liblwjgl.dylib
0x0000000123c27000 	/Library/Java/JavaVirtualMachines/jdk1.8.0_101.jdk/Contents/Home/jre/lib/libjawt.dylib
0x0000000125c66000 	/Users/LiuShijie/eclipse-workspace/SlickGameProject/lib/libjinput-osx.dylib
0x0000000128ac9000 	/System/Library/Extensions/IOHIDFamily.kext/Contents/PlugIns/IOHIDLib.plugin/Contents/MacOS/IOHIDLib

VM Arguments:
jvm_args: -Djava.library.path=/Users/LiuShijie/eclipse-workspace/SlickGameProject/lib -Dfile.encoding=UTF-8 
java_command: App
java_class_path (initial): /Users/LiuShijie/eclipse-workspace/SlickGameProject/bin:/Users/LiuShijie/eclipse-workspace/SlickGameProject/lib/jinput.jar:/Users/LiuShijie/eclipse-workspace/SlickGameProject/lib/lwjgl.jar:/Users/LiuShijie/eclipse-workspace/SlickGameProject/lib/slick.jar
Launcher Type: SUN_STANDARD

Environment Variables:
PATH=/usr/bin:/bin:/usr/sbin:/sbin
SHELL=/bin/bash

Signal Handlers:
SIGSEGV: [libjvm.dylib+0x5af145], sa_mask[0]=11111111011111110111111111111111, sa_flags=SA_ONSTACK|SA_RESTART|SA_SIGINFO
SIGBUS: [libjvm.dylib+0x5af145], sa_mask[0]=11111111011111110111111111111111, sa_flags=SA_RESTART|SA_SIGINFO
SIGFPE: [libjvm.dylib+0x48694c], sa_mask[0]=11111111011111110111111111111111, sa_flags=SA_RESTART|SA_SIGINFO
SIGPIPE: [libjvm.dylib+0x48694c], sa_mask[0]=11111111011111110111111111111111, sa_flags=SA_RESTART|SA_SIGINFO
SIGXFSZ: [libjvm.dylib+0x48694c], sa_mask[0]=11111111011111110111111111111111, sa_flags=SA_RESTART|SA_SIGINFO
SIGILL: [libjvm.dylib+0x48694c], sa_mask[0]=11111111011111110111111111111111, sa_flags=SA_RESTART|SA_SIGINFO
SIGUSR1: SIG_DFL, sa_mask[0]=00000000000000000000000000000000, sa_flags=none
SIGUSR2: [libjvm.dylib+0x48646a], sa_mask[0]=00100000000000000000000000000000, sa_flags=SA_RESTART|SA_SIGINFO
SIGHUP: [libjvm.dylib+0x484a41], sa_mask[0]=11111111011111110111111111111111, sa_flags=SA_RESTART|SA_SIGINFO
SIGINT: [libjvm.dylib+0x484a41], sa_mask[0]=11111111011111110111111111111111, sa_flags=SA_RESTART|SA_SIGINFO
SIGTERM: [libjvm.dylib+0x484a41], sa_mask[0]=11111111011111110111111111111111, sa_flags=SA_RESTART|SA_SIGINFO
SIGQUIT: [libjvm.dylib+0x484a41], sa_mask[0]=11111111011111110111111111111111, sa_flags=SA_RESTART|SA_SIGINFO


---------------  S Y S T E M  ---------------

OS:Bsduname:Darwin 16.7.0 Darwin Kernel Version 16.7.0: Thu Jun 15 17:36:27 PDT 2017; root:xnu-3789.70.16~2/RELEASE_X86_64 x86_64
rlimit: STACK 8192k, CORE 0k, NPROC 709, NOFILE 10240, AS infinity
load average:2.20 1.74 1.48

CPU:total 4 (2 cores per cpu, 2 threads per core) family 6 model 61 stepping 4, cmov, cx8, fxsr, mmx, sse, sse2, sse3, ssse3, sse4.1, sse4.2, popcnt, avx, avx2, aes, clmul, erms, 3dnowpref, lzcnt, ht, tsc, tscinvbit, bmi1, bmi2, adx

Memory: 4k page, physical 8388608k(1623216k free)

/proc/meminfo:


vm_info: Java HotSpot(TM) 64-Bit Server VM (25.101-b13) for bsd-amd64 JRE (1.8.0_101-b13), built on Jun 22 2016 02:42:15 by "java_re" with gcc 4.2.1 (Based on Apple Inc. build 5658) (LLVM build 2336.11.00)

time: Sun Sep  3 12:45:14 2017
elapsed time: 12 seconds (0d 0h 0m 12s)

